<?xml version="1.0" encoding="UTF-8"?>
<!-- Generated by org.testng.reporters.JUnitReportReporter -->
<testsuite hostname="DESKTOP-O2IJE2R" name="krawler.erp.testCases.Inventory.InventoryModule" tests="24" failures="0" timestamp="24 Apr 2021 12:11:17 GMT" time="0.028" errors="24">
  <testcase name="create_Vendor" time="0.002" classname="krawler.erp.testCases.Inventory.InventoryModule">
    <error type="org.openqa.selenium.WebDriverException" message="Returned value cannot be converted to WebElement: {stacktrace=Backtrace:
	Ordinal0 [0x00E7A903+1550595]
	Ordinal0 [0x00DFA701+1025793]
	Ordinal0 [0x00D7C58E+509326]
	Ordinal0 [0x00D10FB9+69561]
	Ordinal0 [0x00D28DD7+167383]
	Ordinal0 [0x00D277F2+161778]
	Ordinal0 [0x00D273CA+160714]
	Ordinal0 [0x00D0221E+8734]
	Ordinal0 [0x00D02606+9734]
	Ordinal0 [0x00D02C80+11392]
	Ordinal0 [0x00E142C7+1131207]
	GetHandleVerifier [0x00F170FD+523789]
	GetHandleVerifier [0x00F16E90+523168]
	GetHandleVerifier [0x00F1E1E7+552695]
	GetHandleVerifier [0x00F178FA+525834]
	Ordinal0 [0x00E0B7FC+1095676]
	Ordinal0 [0x00D02053+8275]
	Ordinal0 [0x00D01DA7+7591]
	GetHandleVerifier [0x0127A3BC+4075724]
	BaseThreadInitThunk [0x7648FA29+25]
	RtlGetAppContainerNamedObjectPath [0x77C47A4E+286]
	RtlGetAppContainerNamedObjectPath [0x77C47A1E+238]
, error=invalid session id, message=invalid session id}
Build info: version: &#039;3.0.1&#039;, revision: &#039;1969d75&#039;, time: &#039;2016-10-18 09:49:13 -0700&#039;
System info: host: &#039;DESKTOP-O2IJE2R&#039;, ip: &#039;192.168.43.19&#039;, os.name: &#039;Windows 10&#039;, os.arch: &#039;amd64&#039;, os.version: &#039;10.0&#039;, java.version: &#039;1.8.0_131&#039;
Driver info: driver.version: RemoteWebDriver">
      <![CDATA[org.openqa.selenium.WebDriverException: Returned value cannot be converted to WebElement: {stacktrace=Backtrace:
	Ordinal0 [0x00E7A903+1550595]
	Ordinal0 [0x00DFA701+1025793]
	Ordinal0 [0x00D7C58E+509326]
	Ordinal0 [0x00D10FB9+69561]
	Ordinal0 [0x00D28DD7+167383]
	Ordinal0 [0x00D277F2+161778]
	Ordinal0 [0x00D273CA+160714]
	Ordinal0 [0x00D0221E+8734]
	Ordinal0 [0x00D02606+9734]
	Ordinal0 [0x00D02C80+11392]
	Ordinal0 [0x00E142C7+1131207]
	GetHandleVerifier [0x00F170FD+523789]
	GetHandleVerifier [0x00F16E90+523168]
	GetHandleVerifier [0x00F1E1E7+552695]
	GetHandleVerifier [0x00F178FA+525834]
	Ordinal0 [0x00E0B7FC+1095676]
	Ordinal0 [0x00D02053+8275]
	Ordinal0 [0x00D01DA7+7591]
	GetHandleVerifier [0x0127A3BC+4075724]
	BaseThreadInitThunk [0x7648FA29+25]
	RtlGetAppContainerNamedObjectPath [0x77C47A4E+286]
	RtlGetAppContainerNamedObjectPath [0x77C47A1E+238]
, error=invalid session id, message=invalid session id}
Build info: version: '3.0.1', revision: '1969d75', time: '2016-10-18 09:49:13 -0700'
System info: host: 'DESKTOP-O2IJE2R', ip: '192.168.43.19', os.name: 'Windows 10', os.arch: 'amd64', os.version: '10.0', java.version: '1.8.0_131'
Driver info: driver.version: RemoteWebDriver
	at org.openqa.selenium.remote.RemoteWebDriver.findElement(RemoteWebDriver.java:375)
	at org.openqa.selenium.remote.RemoteWebDriver.findElementByXPath(RemoteWebDriver.java:473)
	at org.openqa.selenium.By$ByXPath.findElement(By.java:361)
	at org.openqa.selenium.remote.RemoteWebDriver.findElement(RemoteWebDriver.java:360)
	at org.openqa.selenium.support.ui.ExpectedConditions.findElement(ExpectedConditions.java:895)
	at org.openqa.selenium.support.ui.ExpectedConditions.access$000(ExpectedConditions.java:41)
	at org.openqa.selenium.support.ui.ExpectedConditions$7.apply(ExpectedConditions.java:205)
	at org.openqa.selenium.support.ui.ExpectedConditions$7.apply(ExpectedConditions.java:201)
	at org.openqa.selenium.support.ui.ExpectedConditions$22.apply(ExpectedConditions.java:651)
	at org.openqa.selenium.support.ui.ExpectedConditions$22.apply(ExpectedConditions.java:644)
	at org.openqa.selenium.support.ui.FluentWait.until(FluentWait.java:238)
	at krawler.erp.page.Utilities.enterTextNormalBox(Utilities.java:340)
	at krawler.erp.page.Login.loginERP(Login.java:25)
	at krawler.erp.testCases.Inventory.BaseSetUp.beforeTestLogin(BaseSetUp.java:37)
	at sun.reflect.NativeMethodAccessorImpl.invoke0(Native Method)
	at sun.reflect.NativeMethodAccessorImpl.invoke(Unknown Source)
	at sun.reflect.DelegatingMethodAccessorImpl.invoke(Unknown Source)
	at java.lang.reflect.Method.invoke(Unknown Source)
	at org.testng.internal.MethodInvocationHelper.invokeMethod(MethodInvocationHelper.java:86)
	at org.testng.internal.Invoker.invokeConfigurationMethod(Invoker.java:515)
	at org.testng.internal.Invoker.invokeConfigurations(Invoker.java:216)
	at org.testng.internal.Invoker.invokeConfigurations(Invoker.java:143)
	at org.testng.TestRunner.beforeRun(TestRunner.java:656)
	at org.testng.TestRunner.run(TestRunner.java:624)
	at org.testng.SuiteRunner.runTest(SuiteRunner.java:366)
	at org.testng.SuiteRunner.runSequentially(SuiteRunner.java:361)
	at org.testng.SuiteRunner.privateRun(SuiteRunner.java:319)
	at org.testng.SuiteRunner.run(SuiteRunner.java:268)
	at org.testng.SuiteRunnerWorker.runSuite(SuiteRunnerWorker.java:52)
	at org.testng.SuiteRunnerWorker.run(SuiteRunnerWorker.java:86)
	at org.testng.TestNG.runSuitesSequentially(TestNG.java:1225)
	at org.testng.TestNG.runSuitesLocally(TestNG.java:1150)
	at org.testng.TestNG.runSuites(TestNG.java:1075)
	at org.testng.TestNG.run(TestNG.java:1047)
	at org.testng.remote.AbstractRemoteTestNG.run(AbstractRemoteTestNG.java:126)
	at org.testng.remote.RemoteTestNG.initAndRun(RemoteTestNG.java:137)
	at org.testng.remote.RemoteTestNG.main(RemoteTestNG.java:58)
Caused by: java.lang.ClassCastException: com.google.common.collect.Maps$TransformedEntriesMap cannot be cast to org.openqa.selenium.WebElement
	at org.openqa.selenium.remote.RemoteWebDriver.findElement(RemoteWebDriver.java:373)
	... 36 more
]]>
    </error>
  </testcase> <!-- create_Vendor -->
  <testcase name="QA_ApprovalApproveReject" time="0.002" classname="krawler.erp.testCases.Inventory.InventoryModule">
    <error type="org.openqa.selenium.WebDriverException" message="Returned value cannot be converted to WebElement: {stacktrace=Backtrace:
	Ordinal0 [0x00E7A903+1550595]
	Ordinal0 [0x00DFA701+1025793]
	Ordinal0 [0x00D7C58E+509326]
	Ordinal0 [0x00D10FB9+69561]
	Ordinal0 [0x00D28DD7+167383]
	Ordinal0 [0x00D277F2+161778]
	Ordinal0 [0x00D273CA+160714]
	Ordinal0 [0x00D0221E+8734]
	Ordinal0 [0x00D02606+9734]
	Ordinal0 [0x00D02C80+11392]
	Ordinal0 [0x00E142C7+1131207]
	GetHandleVerifier [0x00F170FD+523789]
	GetHandleVerifier [0x00F16E90+523168]
	GetHandleVerifier [0x00F1E1E7+552695]
	GetHandleVerifier [0x00F178FA+525834]
	Ordinal0 [0x00E0B7FC+1095676]
	Ordinal0 [0x00D02053+8275]
	Ordinal0 [0x00D01DA7+7591]
	GetHandleVerifier [0x0127A3BC+4075724]
	BaseThreadInitThunk [0x7648FA29+25]
	RtlGetAppContainerNamedObjectPath [0x77C47A4E+286]
	RtlGetAppContainerNamedObjectPath [0x77C47A1E+238]
, error=invalid session id, message=invalid session id}
Build info: version: &#039;3.0.1&#039;, revision: &#039;1969d75&#039;, time: &#039;2016-10-18 09:49:13 -0700&#039;
System info: host: &#039;DESKTOP-O2IJE2R&#039;, ip: &#039;192.168.43.19&#039;, os.name: &#039;Windows 10&#039;, os.arch: &#039;amd64&#039;, os.version: &#039;10.0&#039;, java.version: &#039;1.8.0_131&#039;
Driver info: driver.version: RemoteWebDriver">
      <![CDATA[org.openqa.selenium.WebDriverException: Returned value cannot be converted to WebElement: {stacktrace=Backtrace:
	Ordinal0 [0x00E7A903+1550595]
	Ordinal0 [0x00DFA701+1025793]
	Ordinal0 [0x00D7C58E+509326]
	Ordinal0 [0x00D10FB9+69561]
	Ordinal0 [0x00D28DD7+167383]
	Ordinal0 [0x00D277F2+161778]
	Ordinal0 [0x00D273CA+160714]
	Ordinal0 [0x00D0221E+8734]
	Ordinal0 [0x00D02606+9734]
	Ordinal0 [0x00D02C80+11392]
	Ordinal0 [0x00E142C7+1131207]
	GetHandleVerifier [0x00F170FD+523789]
	GetHandleVerifier [0x00F16E90+523168]
	GetHandleVerifier [0x00F1E1E7+552695]
	GetHandleVerifier [0x00F178FA+525834]
	Ordinal0 [0x00E0B7FC+1095676]
	Ordinal0 [0x00D02053+8275]
	Ordinal0 [0x00D01DA7+7591]
	GetHandleVerifier [0x0127A3BC+4075724]
	BaseThreadInitThunk [0x7648FA29+25]
	RtlGetAppContainerNamedObjectPath [0x77C47A4E+286]
	RtlGetAppContainerNamedObjectPath [0x77C47A1E+238]
, error=invalid session id, message=invalid session id}
Build info: version: '3.0.1', revision: '1969d75', time: '2016-10-18 09:49:13 -0700'
System info: host: 'DESKTOP-O2IJE2R', ip: '192.168.43.19', os.name: 'Windows 10', os.arch: 'amd64', os.version: '10.0', java.version: '1.8.0_131'
Driver info: driver.version: RemoteWebDriver
	at org.openqa.selenium.remote.RemoteWebDriver.findElement(RemoteWebDriver.java:375)
	at org.openqa.selenium.remote.RemoteWebDriver.findElementByXPath(RemoteWebDriver.java:473)
	at org.openqa.selenium.By$ByXPath.findElement(By.java:361)
	at org.openqa.selenium.remote.RemoteWebDriver.findElement(RemoteWebDriver.java:360)
	at org.openqa.selenium.support.ui.ExpectedConditions.findElement(ExpectedConditions.java:895)
	at org.openqa.selenium.support.ui.ExpectedConditions.access$000(ExpectedConditions.java:41)
	at org.openqa.selenium.support.ui.ExpectedConditions$7.apply(ExpectedConditions.java:205)
	at org.openqa.selenium.support.ui.ExpectedConditions$7.apply(ExpectedConditions.java:201)
	at org.openqa.selenium.support.ui.ExpectedConditions$22.apply(ExpectedConditions.java:651)
	at org.openqa.selenium.support.ui.ExpectedConditions$22.apply(ExpectedConditions.java:644)
	at org.openqa.selenium.support.ui.FluentWait.until(FluentWait.java:238)
	at krawler.erp.page.Utilities.enterTextNormalBox(Utilities.java:340)
	at krawler.erp.page.Login.loginERP(Login.java:25)
	at krawler.erp.testCases.Inventory.BaseSetUp.beforeTestLogin(BaseSetUp.java:37)
	at sun.reflect.NativeMethodAccessorImpl.invoke0(Native Method)
	at sun.reflect.NativeMethodAccessorImpl.invoke(Unknown Source)
	at sun.reflect.DelegatingMethodAccessorImpl.invoke(Unknown Source)
	at java.lang.reflect.Method.invoke(Unknown Source)
	at org.testng.internal.MethodInvocationHelper.invokeMethod(MethodInvocationHelper.java:86)
	at org.testng.internal.Invoker.invokeConfigurationMethod(Invoker.java:515)
	at org.testng.internal.Invoker.invokeConfigurations(Invoker.java:216)
	at org.testng.internal.Invoker.invokeConfigurations(Invoker.java:143)
	at org.testng.TestRunner.beforeRun(TestRunner.java:656)
	at org.testng.TestRunner.run(TestRunner.java:624)
	at org.testng.SuiteRunner.runTest(SuiteRunner.java:366)
	at org.testng.SuiteRunner.runSequentially(SuiteRunner.java:361)
	at org.testng.SuiteRunner.privateRun(SuiteRunner.java:319)
	at org.testng.SuiteRunner.run(SuiteRunner.java:268)
	at org.testng.SuiteRunnerWorker.runSuite(SuiteRunnerWorker.java:52)
	at org.testng.SuiteRunnerWorker.run(SuiteRunnerWorker.java:86)
	at org.testng.TestNG.runSuitesSequentially(TestNG.java:1225)
	at org.testng.TestNG.runSuitesLocally(TestNG.java:1150)
	at org.testng.TestNG.runSuites(TestNG.java:1075)
	at org.testng.TestNG.run(TestNG.java:1047)
	at org.testng.remote.AbstractRemoteTestNG.run(AbstractRemoteTestNG.java:126)
	at org.testng.remote.RemoteTestNG.initAndRun(RemoteTestNG.java:137)
	at org.testng.remote.RemoteTestNG.main(RemoteTestNG.java:58)
Caused by: java.lang.ClassCastException: com.google.common.collect.Maps$TransformedEntriesMap cannot be cast to org.openqa.selenium.WebElement
	at org.openqa.selenium.remote.RemoteWebDriver.findElement(RemoteWebDriver.java:373)
	... 36 more
]]>
    </error>
  </testcase> <!-- QA_ApprovalApproveReject -->
  <testcase name="acceptANDreturn_InterStoreStockTransfer" time="0.001" classname="krawler.erp.testCases.Inventory.InventoryModule">
    <error type="org.openqa.selenium.WebDriverException" message="Returned value cannot be converted to WebElement: {stacktrace=Backtrace:
	Ordinal0 [0x00E7A903+1550595]
	Ordinal0 [0x00DFA701+1025793]
	Ordinal0 [0x00D7C58E+509326]
	Ordinal0 [0x00D10FB9+69561]
	Ordinal0 [0x00D28DD7+167383]
	Ordinal0 [0x00D277F2+161778]
	Ordinal0 [0x00D273CA+160714]
	Ordinal0 [0x00D0221E+8734]
	Ordinal0 [0x00D02606+9734]
	Ordinal0 [0x00D02C80+11392]
	Ordinal0 [0x00E142C7+1131207]
	GetHandleVerifier [0x00F170FD+523789]
	GetHandleVerifier [0x00F16E90+523168]
	GetHandleVerifier [0x00F1E1E7+552695]
	GetHandleVerifier [0x00F178FA+525834]
	Ordinal0 [0x00E0B7FC+1095676]
	Ordinal0 [0x00D02053+8275]
	Ordinal0 [0x00D01DA7+7591]
	GetHandleVerifier [0x0127A3BC+4075724]
	BaseThreadInitThunk [0x7648FA29+25]
	RtlGetAppContainerNamedObjectPath [0x77C47A4E+286]
	RtlGetAppContainerNamedObjectPath [0x77C47A1E+238]
, error=invalid session id, message=invalid session id}
Build info: version: &#039;3.0.1&#039;, revision: &#039;1969d75&#039;, time: &#039;2016-10-18 09:49:13 -0700&#039;
System info: host: &#039;DESKTOP-O2IJE2R&#039;, ip: &#039;192.168.43.19&#039;, os.name: &#039;Windows 10&#039;, os.arch: &#039;amd64&#039;, os.version: &#039;10.0&#039;, java.version: &#039;1.8.0_131&#039;
Driver info: driver.version: RemoteWebDriver">
      <![CDATA[org.openqa.selenium.WebDriverException: Returned value cannot be converted to WebElement: {stacktrace=Backtrace:
	Ordinal0 [0x00E7A903+1550595]
	Ordinal0 [0x00DFA701+1025793]
	Ordinal0 [0x00D7C58E+509326]
	Ordinal0 [0x00D10FB9+69561]
	Ordinal0 [0x00D28DD7+167383]
	Ordinal0 [0x00D277F2+161778]
	Ordinal0 [0x00D273CA+160714]
	Ordinal0 [0x00D0221E+8734]
	Ordinal0 [0x00D02606+9734]
	Ordinal0 [0x00D02C80+11392]
	Ordinal0 [0x00E142C7+1131207]
	GetHandleVerifier [0x00F170FD+523789]
	GetHandleVerifier [0x00F16E90+523168]
	GetHandleVerifier [0x00F1E1E7+552695]
	GetHandleVerifier [0x00F178FA+525834]
	Ordinal0 [0x00E0B7FC+1095676]
	Ordinal0 [0x00D02053+8275]
	Ordinal0 [0x00D01DA7+7591]
	GetHandleVerifier [0x0127A3BC+4075724]
	BaseThreadInitThunk [0x7648FA29+25]
	RtlGetAppContainerNamedObjectPath [0x77C47A4E+286]
	RtlGetAppContainerNamedObjectPath [0x77C47A1E+238]
, error=invalid session id, message=invalid session id}
Build info: version: '3.0.1', revision: '1969d75', time: '2016-10-18 09:49:13 -0700'
System info: host: 'DESKTOP-O2IJE2R', ip: '192.168.43.19', os.name: 'Windows 10', os.arch: 'amd64', os.version: '10.0', java.version: '1.8.0_131'
Driver info: driver.version: RemoteWebDriver
	at org.openqa.selenium.remote.RemoteWebDriver.findElement(RemoteWebDriver.java:375)
	at org.openqa.selenium.remote.RemoteWebDriver.findElementByXPath(RemoteWebDriver.java:473)
	at org.openqa.selenium.By$ByXPath.findElement(By.java:361)
	at org.openqa.selenium.remote.RemoteWebDriver.findElement(RemoteWebDriver.java:360)
	at org.openqa.selenium.support.ui.ExpectedConditions.findElement(ExpectedConditions.java:895)
	at org.openqa.selenium.support.ui.ExpectedConditions.access$000(ExpectedConditions.java:41)
	at org.openqa.selenium.support.ui.ExpectedConditions$7.apply(ExpectedConditions.java:205)
	at org.openqa.selenium.support.ui.ExpectedConditions$7.apply(ExpectedConditions.java:201)
	at org.openqa.selenium.support.ui.ExpectedConditions$22.apply(ExpectedConditions.java:651)
	at org.openqa.selenium.support.ui.ExpectedConditions$22.apply(ExpectedConditions.java:644)
	at org.openqa.selenium.support.ui.FluentWait.until(FluentWait.java:238)
	at krawler.erp.page.Utilities.enterTextNormalBox(Utilities.java:340)
	at krawler.erp.page.Login.loginERP(Login.java:25)
	at krawler.erp.testCases.Inventory.BaseSetUp.beforeTestLogin(BaseSetUp.java:37)
	at sun.reflect.NativeMethodAccessorImpl.invoke0(Native Method)
	at sun.reflect.NativeMethodAccessorImpl.invoke(Unknown Source)
	at sun.reflect.DelegatingMethodAccessorImpl.invoke(Unknown Source)
	at java.lang.reflect.Method.invoke(Unknown Source)
	at org.testng.internal.MethodInvocationHelper.invokeMethod(MethodInvocationHelper.java:86)
	at org.testng.internal.Invoker.invokeConfigurationMethod(Invoker.java:515)
	at org.testng.internal.Invoker.invokeConfigurations(Invoker.java:216)
	at org.testng.internal.Invoker.invokeConfigurations(Invoker.java:143)
	at org.testng.TestRunner.beforeRun(TestRunner.java:656)
	at org.testng.TestRunner.run(TestRunner.java:624)
	at org.testng.SuiteRunner.runTest(SuiteRunner.java:366)
	at org.testng.SuiteRunner.runSequentially(SuiteRunner.java:361)
	at org.testng.SuiteRunner.privateRun(SuiteRunner.java:319)
	at org.testng.SuiteRunner.run(SuiteRunner.java:268)
	at org.testng.SuiteRunnerWorker.runSuite(SuiteRunnerWorker.java:52)
	at org.testng.SuiteRunnerWorker.run(SuiteRunnerWorker.java:86)
	at org.testng.TestNG.runSuitesSequentially(TestNG.java:1225)
	at org.testng.TestNG.runSuitesLocally(TestNG.java:1150)
	at org.testng.TestNG.runSuites(TestNG.java:1075)
	at org.testng.TestNG.run(TestNG.java:1047)
	at org.testng.remote.AbstractRemoteTestNG.run(AbstractRemoteTestNG.java:126)
	at org.testng.remote.RemoteTestNG.initAndRun(RemoteTestNG.java:137)
	at org.testng.remote.RemoteTestNG.main(RemoteTestNG.java:58)
Caused by: java.lang.ClassCastException: com.google.common.collect.Maps$TransformedEntriesMap cannot be cast to org.openqa.selenium.WebElement
	at org.openqa.selenium.remote.RemoteWebDriver.findElement(RemoteWebDriver.java:373)
	... 36 more
]]>
    </error>
  </testcase> <!-- acceptANDreturn_InterStoreStockTransfer -->
  <testcase name="StockRequest_IssueandCollect" time="0.001" classname="krawler.erp.testCases.Inventory.InventoryModule">
    <error type="org.openqa.selenium.WebDriverException" message="Returned value cannot be converted to WebElement: {stacktrace=Backtrace:
	Ordinal0 [0x00E7A903+1550595]
	Ordinal0 [0x00DFA701+1025793]
	Ordinal0 [0x00D7C58E+509326]
	Ordinal0 [0x00D10FB9+69561]
	Ordinal0 [0x00D28DD7+167383]
	Ordinal0 [0x00D277F2+161778]
	Ordinal0 [0x00D273CA+160714]
	Ordinal0 [0x00D0221E+8734]
	Ordinal0 [0x00D02606+9734]
	Ordinal0 [0x00D02C80+11392]
	Ordinal0 [0x00E142C7+1131207]
	GetHandleVerifier [0x00F170FD+523789]
	GetHandleVerifier [0x00F16E90+523168]
	GetHandleVerifier [0x00F1E1E7+552695]
	GetHandleVerifier [0x00F178FA+525834]
	Ordinal0 [0x00E0B7FC+1095676]
	Ordinal0 [0x00D02053+8275]
	Ordinal0 [0x00D01DA7+7591]
	GetHandleVerifier [0x0127A3BC+4075724]
	BaseThreadInitThunk [0x7648FA29+25]
	RtlGetAppContainerNamedObjectPath [0x77C47A4E+286]
	RtlGetAppContainerNamedObjectPath [0x77C47A1E+238]
, error=invalid session id, message=invalid session id}
Build info: version: &#039;3.0.1&#039;, revision: &#039;1969d75&#039;, time: &#039;2016-10-18 09:49:13 -0700&#039;
System info: host: &#039;DESKTOP-O2IJE2R&#039;, ip: &#039;192.168.43.19&#039;, os.name: &#039;Windows 10&#039;, os.arch: &#039;amd64&#039;, os.version: &#039;10.0&#039;, java.version: &#039;1.8.0_131&#039;
Driver info: driver.version: RemoteWebDriver">
      <![CDATA[org.openqa.selenium.WebDriverException: Returned value cannot be converted to WebElement: {stacktrace=Backtrace:
	Ordinal0 [0x00E7A903+1550595]
	Ordinal0 [0x00DFA701+1025793]
	Ordinal0 [0x00D7C58E+509326]
	Ordinal0 [0x00D10FB9+69561]
	Ordinal0 [0x00D28DD7+167383]
	Ordinal0 [0x00D277F2+161778]
	Ordinal0 [0x00D273CA+160714]
	Ordinal0 [0x00D0221E+8734]
	Ordinal0 [0x00D02606+9734]
	Ordinal0 [0x00D02C80+11392]
	Ordinal0 [0x00E142C7+1131207]
	GetHandleVerifier [0x00F170FD+523789]
	GetHandleVerifier [0x00F16E90+523168]
	GetHandleVerifier [0x00F1E1E7+552695]
	GetHandleVerifier [0x00F178FA+525834]
	Ordinal0 [0x00E0B7FC+1095676]
	Ordinal0 [0x00D02053+8275]
	Ordinal0 [0x00D01DA7+7591]
	GetHandleVerifier [0x0127A3BC+4075724]
	BaseThreadInitThunk [0x7648FA29+25]
	RtlGetAppContainerNamedObjectPath [0x77C47A4E+286]
	RtlGetAppContainerNamedObjectPath [0x77C47A1E+238]
, error=invalid session id, message=invalid session id}
Build info: version: '3.0.1', revision: '1969d75', time: '2016-10-18 09:49:13 -0700'
System info: host: 'DESKTOP-O2IJE2R', ip: '192.168.43.19', os.name: 'Windows 10', os.arch: 'amd64', os.version: '10.0', java.version: '1.8.0_131'
Driver info: driver.version: RemoteWebDriver
	at org.openqa.selenium.remote.RemoteWebDriver.findElement(RemoteWebDriver.java:375)
	at org.openqa.selenium.remote.RemoteWebDriver.findElementByXPath(RemoteWebDriver.java:473)
	at org.openqa.selenium.By$ByXPath.findElement(By.java:361)
	at org.openqa.selenium.remote.RemoteWebDriver.findElement(RemoteWebDriver.java:360)
	at org.openqa.selenium.support.ui.ExpectedConditions.findElement(ExpectedConditions.java:895)
	at org.openqa.selenium.support.ui.ExpectedConditions.access$000(ExpectedConditions.java:41)
	at org.openqa.selenium.support.ui.ExpectedConditions$7.apply(ExpectedConditions.java:205)
	at org.openqa.selenium.support.ui.ExpectedConditions$7.apply(ExpectedConditions.java:201)
	at org.openqa.selenium.support.ui.ExpectedConditions$22.apply(ExpectedConditions.java:651)
	at org.openqa.selenium.support.ui.ExpectedConditions$22.apply(ExpectedConditions.java:644)
	at org.openqa.selenium.support.ui.FluentWait.until(FluentWait.java:238)
	at krawler.erp.page.Utilities.enterTextNormalBox(Utilities.java:340)
	at krawler.erp.page.Login.loginERP(Login.java:25)
	at krawler.erp.testCases.Inventory.BaseSetUp.beforeTestLogin(BaseSetUp.java:37)
	at sun.reflect.NativeMethodAccessorImpl.invoke0(Native Method)
	at sun.reflect.NativeMethodAccessorImpl.invoke(Unknown Source)
	at sun.reflect.DelegatingMethodAccessorImpl.invoke(Unknown Source)
	at java.lang.reflect.Method.invoke(Unknown Source)
	at org.testng.internal.MethodInvocationHelper.invokeMethod(MethodInvocationHelper.java:86)
	at org.testng.internal.Invoker.invokeConfigurationMethod(Invoker.java:515)
	at org.testng.internal.Invoker.invokeConfigurations(Invoker.java:216)
	at org.testng.internal.Invoker.invokeConfigurations(Invoker.java:143)
	at org.testng.TestRunner.beforeRun(TestRunner.java:656)
	at org.testng.TestRunner.run(TestRunner.java:624)
	at org.testng.SuiteRunner.runTest(SuiteRunner.java:366)
	at org.testng.SuiteRunner.runSequentially(SuiteRunner.java:361)
	at org.testng.SuiteRunner.privateRun(SuiteRunner.java:319)
	at org.testng.SuiteRunner.run(SuiteRunner.java:268)
	at org.testng.SuiteRunnerWorker.runSuite(SuiteRunnerWorker.java:52)
	at org.testng.SuiteRunnerWorker.run(SuiteRunnerWorker.java:86)
	at org.testng.TestNG.runSuitesSequentially(TestNG.java:1225)
	at org.testng.TestNG.runSuitesLocally(TestNG.java:1150)
	at org.testng.TestNG.runSuites(TestNG.java:1075)
	at org.testng.TestNG.run(TestNG.java:1047)
	at org.testng.remote.AbstractRemoteTestNG.run(AbstractRemoteTestNG.java:126)
	at org.testng.remote.RemoteTestNG.initAndRun(RemoteTestNG.java:137)
	at org.testng.remote.RemoteTestNG.main(RemoteTestNG.java:58)
Caused by: java.lang.ClassCastException: com.google.common.collect.Maps$TransformedEntriesMap cannot be cast to org.openqa.selenium.WebElement
	at org.openqa.selenium.remote.RemoteWebDriver.findElement(RemoteWebDriver.java:373)
	... 36 more
]]>
    </error>
  </testcase> <!-- StockRequest_IssueandCollect -->
  <testcase name="validate_InterLocationStockTransfer" time="0.000" classname="krawler.erp.testCases.Inventory.InventoryModule">
    <error type="org.openqa.selenium.WebDriverException" message="Returned value cannot be converted to WebElement: {stacktrace=Backtrace:
	Ordinal0 [0x00E7A903+1550595]
	Ordinal0 [0x00DFA701+1025793]
	Ordinal0 [0x00D7C58E+509326]
	Ordinal0 [0x00D10FB9+69561]
	Ordinal0 [0x00D28DD7+167383]
	Ordinal0 [0x00D277F2+161778]
	Ordinal0 [0x00D273CA+160714]
	Ordinal0 [0x00D0221E+8734]
	Ordinal0 [0x00D02606+9734]
	Ordinal0 [0x00D02C80+11392]
	Ordinal0 [0x00E142C7+1131207]
	GetHandleVerifier [0x00F170FD+523789]
	GetHandleVerifier [0x00F16E90+523168]
	GetHandleVerifier [0x00F1E1E7+552695]
	GetHandleVerifier [0x00F178FA+525834]
	Ordinal0 [0x00E0B7FC+1095676]
	Ordinal0 [0x00D02053+8275]
	Ordinal0 [0x00D01DA7+7591]
	GetHandleVerifier [0x0127A3BC+4075724]
	BaseThreadInitThunk [0x7648FA29+25]
	RtlGetAppContainerNamedObjectPath [0x77C47A4E+286]
	RtlGetAppContainerNamedObjectPath [0x77C47A1E+238]
, error=invalid session id, message=invalid session id}
Build info: version: &#039;3.0.1&#039;, revision: &#039;1969d75&#039;, time: &#039;2016-10-18 09:49:13 -0700&#039;
System info: host: &#039;DESKTOP-O2IJE2R&#039;, ip: &#039;192.168.43.19&#039;, os.name: &#039;Windows 10&#039;, os.arch: &#039;amd64&#039;, os.version: &#039;10.0&#039;, java.version: &#039;1.8.0_131&#039;
Driver info: driver.version: RemoteWebDriver">
      <![CDATA[org.openqa.selenium.WebDriverException: Returned value cannot be converted to WebElement: {stacktrace=Backtrace:
	Ordinal0 [0x00E7A903+1550595]
	Ordinal0 [0x00DFA701+1025793]
	Ordinal0 [0x00D7C58E+509326]
	Ordinal0 [0x00D10FB9+69561]
	Ordinal0 [0x00D28DD7+167383]
	Ordinal0 [0x00D277F2+161778]
	Ordinal0 [0x00D273CA+160714]
	Ordinal0 [0x00D0221E+8734]
	Ordinal0 [0x00D02606+9734]
	Ordinal0 [0x00D02C80+11392]
	Ordinal0 [0x00E142C7+1131207]
	GetHandleVerifier [0x00F170FD+523789]
	GetHandleVerifier [0x00F16E90+523168]
	GetHandleVerifier [0x00F1E1E7+552695]
	GetHandleVerifier [0x00F178FA+525834]
	Ordinal0 [0x00E0B7FC+1095676]
	Ordinal0 [0x00D02053+8275]
	Ordinal0 [0x00D01DA7+7591]
	GetHandleVerifier [0x0127A3BC+4075724]
	BaseThreadInitThunk [0x7648FA29+25]
	RtlGetAppContainerNamedObjectPath [0x77C47A4E+286]
	RtlGetAppContainerNamedObjectPath [0x77C47A1E+238]
, error=invalid session id, message=invalid session id}
Build info: version: '3.0.1', revision: '1969d75', time: '2016-10-18 09:49:13 -0700'
System info: host: 'DESKTOP-O2IJE2R', ip: '192.168.43.19', os.name: 'Windows 10', os.arch: 'amd64', os.version: '10.0', java.version: '1.8.0_131'
Driver info: driver.version: RemoteWebDriver
	at org.openqa.selenium.remote.RemoteWebDriver.findElement(RemoteWebDriver.java:375)
	at org.openqa.selenium.remote.RemoteWebDriver.findElementByXPath(RemoteWebDriver.java:473)
	at org.openqa.selenium.By$ByXPath.findElement(By.java:361)
	at org.openqa.selenium.remote.RemoteWebDriver.findElement(RemoteWebDriver.java:360)
	at org.openqa.selenium.support.ui.ExpectedConditions.findElement(ExpectedConditions.java:895)
	at org.openqa.selenium.support.ui.ExpectedConditions.access$000(ExpectedConditions.java:41)
	at org.openqa.selenium.support.ui.ExpectedConditions$7.apply(ExpectedConditions.java:205)
	at org.openqa.selenium.support.ui.ExpectedConditions$7.apply(ExpectedConditions.java:201)
	at org.openqa.selenium.support.ui.ExpectedConditions$22.apply(ExpectedConditions.java:651)
	at org.openqa.selenium.support.ui.ExpectedConditions$22.apply(ExpectedConditions.java:644)
	at org.openqa.selenium.support.ui.FluentWait.until(FluentWait.java:238)
	at krawler.erp.page.Utilities.enterTextNormalBox(Utilities.java:340)
	at krawler.erp.page.Login.loginERP(Login.java:25)
	at krawler.erp.testCases.Inventory.BaseSetUp.beforeTestLogin(BaseSetUp.java:37)
	at sun.reflect.NativeMethodAccessorImpl.invoke0(Native Method)
	at sun.reflect.NativeMethodAccessorImpl.invoke(Unknown Source)
	at sun.reflect.DelegatingMethodAccessorImpl.invoke(Unknown Source)
	at java.lang.reflect.Method.invoke(Unknown Source)
	at org.testng.internal.MethodInvocationHelper.invokeMethod(MethodInvocationHelper.java:86)
	at org.testng.internal.Invoker.invokeConfigurationMethod(Invoker.java:515)
	at org.testng.internal.Invoker.invokeConfigurations(Invoker.java:216)
	at org.testng.internal.Invoker.invokeConfigurations(Invoker.java:143)
	at org.testng.TestRunner.beforeRun(TestRunner.java:656)
	at org.testng.TestRunner.run(TestRunner.java:624)
	at org.testng.SuiteRunner.runTest(SuiteRunner.java:366)
	at org.testng.SuiteRunner.runSequentially(SuiteRunner.java:361)
	at org.testng.SuiteRunner.privateRun(SuiteRunner.java:319)
	at org.testng.SuiteRunner.run(SuiteRunner.java:268)
	at org.testng.SuiteRunnerWorker.runSuite(SuiteRunnerWorker.java:52)
	at org.testng.SuiteRunnerWorker.run(SuiteRunnerWorker.java:86)
	at org.testng.TestNG.runSuitesSequentially(TestNG.java:1225)
	at org.testng.TestNG.runSuitesLocally(TestNG.java:1150)
	at org.testng.TestNG.runSuites(TestNG.java:1075)
	at org.testng.TestNG.run(TestNG.java:1047)
	at org.testng.remote.AbstractRemoteTestNG.run(AbstractRemoteTestNG.java:126)
	at org.testng.remote.RemoteTestNG.initAndRun(RemoteTestNG.java:137)
	at org.testng.remote.RemoteTestNG.main(RemoteTestNG.java:58)
Caused by: java.lang.ClassCastException: com.google.common.collect.Maps$TransformedEntriesMap cannot be cast to org.openqa.selenium.WebElement
	at org.openqa.selenium.remote.RemoteWebDriver.findElement(RemoteWebDriver.java:373)
	... 36 more
]]>
    </error>
  </testcase> <!-- validate_InterLocationStockTransfer -->
  <testcase name="create_InterLocationStockTransfer" time="0.001" classname="krawler.erp.testCases.Inventory.InventoryModule">
    <error type="org.openqa.selenium.WebDriverException" message="Returned value cannot be converted to WebElement: {stacktrace=Backtrace:
	Ordinal0 [0x00E7A903+1550595]
	Ordinal0 [0x00DFA701+1025793]
	Ordinal0 [0x00D7C58E+509326]
	Ordinal0 [0x00D10FB9+69561]
	Ordinal0 [0x00D28DD7+167383]
	Ordinal0 [0x00D277F2+161778]
	Ordinal0 [0x00D273CA+160714]
	Ordinal0 [0x00D0221E+8734]
	Ordinal0 [0x00D02606+9734]
	Ordinal0 [0x00D02C80+11392]
	Ordinal0 [0x00E142C7+1131207]
	GetHandleVerifier [0x00F170FD+523789]
	GetHandleVerifier [0x00F16E90+523168]
	GetHandleVerifier [0x00F1E1E7+552695]
	GetHandleVerifier [0x00F178FA+525834]
	Ordinal0 [0x00E0B7FC+1095676]
	Ordinal0 [0x00D02053+8275]
	Ordinal0 [0x00D01DA7+7591]
	GetHandleVerifier [0x0127A3BC+4075724]
	BaseThreadInitThunk [0x7648FA29+25]
	RtlGetAppContainerNamedObjectPath [0x77C47A4E+286]
	RtlGetAppContainerNamedObjectPath [0x77C47A1E+238]
, error=invalid session id, message=invalid session id}
Build info: version: &#039;3.0.1&#039;, revision: &#039;1969d75&#039;, time: &#039;2016-10-18 09:49:13 -0700&#039;
System info: host: &#039;DESKTOP-O2IJE2R&#039;, ip: &#039;192.168.43.19&#039;, os.name: &#039;Windows 10&#039;, os.arch: &#039;amd64&#039;, os.version: &#039;10.0&#039;, java.version: &#039;1.8.0_131&#039;
Driver info: driver.version: RemoteWebDriver">
      <![CDATA[org.openqa.selenium.WebDriverException: Returned value cannot be converted to WebElement: {stacktrace=Backtrace:
	Ordinal0 [0x00E7A903+1550595]
	Ordinal0 [0x00DFA701+1025793]
	Ordinal0 [0x00D7C58E+509326]
	Ordinal0 [0x00D10FB9+69561]
	Ordinal0 [0x00D28DD7+167383]
	Ordinal0 [0x00D277F2+161778]
	Ordinal0 [0x00D273CA+160714]
	Ordinal0 [0x00D0221E+8734]
	Ordinal0 [0x00D02606+9734]
	Ordinal0 [0x00D02C80+11392]
	Ordinal0 [0x00E142C7+1131207]
	GetHandleVerifier [0x00F170FD+523789]
	GetHandleVerifier [0x00F16E90+523168]
	GetHandleVerifier [0x00F1E1E7+552695]
	GetHandleVerifier [0x00F178FA+525834]
	Ordinal0 [0x00E0B7FC+1095676]
	Ordinal0 [0x00D02053+8275]
	Ordinal0 [0x00D01DA7+7591]
	GetHandleVerifier [0x0127A3BC+4075724]
	BaseThreadInitThunk [0x7648FA29+25]
	RtlGetAppContainerNamedObjectPath [0x77C47A4E+286]
	RtlGetAppContainerNamedObjectPath [0x77C47A1E+238]
, error=invalid session id, message=invalid session id}
Build info: version: '3.0.1', revision: '1969d75', time: '2016-10-18 09:49:13 -0700'
System info: host: 'DESKTOP-O2IJE2R', ip: '192.168.43.19', os.name: 'Windows 10', os.arch: 'amd64', os.version: '10.0', java.version: '1.8.0_131'
Driver info: driver.version: RemoteWebDriver
	at org.openqa.selenium.remote.RemoteWebDriver.findElement(RemoteWebDriver.java:375)
	at org.openqa.selenium.remote.RemoteWebDriver.findElementByXPath(RemoteWebDriver.java:473)
	at org.openqa.selenium.By$ByXPath.findElement(By.java:361)
	at org.openqa.selenium.remote.RemoteWebDriver.findElement(RemoteWebDriver.java:360)
	at org.openqa.selenium.support.ui.ExpectedConditions.findElement(ExpectedConditions.java:895)
	at org.openqa.selenium.support.ui.ExpectedConditions.access$000(ExpectedConditions.java:41)
	at org.openqa.selenium.support.ui.ExpectedConditions$7.apply(ExpectedConditions.java:205)
	at org.openqa.selenium.support.ui.ExpectedConditions$7.apply(ExpectedConditions.java:201)
	at org.openqa.selenium.support.ui.ExpectedConditions$22.apply(ExpectedConditions.java:651)
	at org.openqa.selenium.support.ui.ExpectedConditions$22.apply(ExpectedConditions.java:644)
	at org.openqa.selenium.support.ui.FluentWait.until(FluentWait.java:238)
	at krawler.erp.page.Utilities.enterTextNormalBox(Utilities.java:340)
	at krawler.erp.page.Login.loginERP(Login.java:25)
	at krawler.erp.testCases.Inventory.BaseSetUp.beforeTestLogin(BaseSetUp.java:37)
	at sun.reflect.NativeMethodAccessorImpl.invoke0(Native Method)
	at sun.reflect.NativeMethodAccessorImpl.invoke(Unknown Source)
	at sun.reflect.DelegatingMethodAccessorImpl.invoke(Unknown Source)
	at java.lang.reflect.Method.invoke(Unknown Source)
	at org.testng.internal.MethodInvocationHelper.invokeMethod(MethodInvocationHelper.java:86)
	at org.testng.internal.Invoker.invokeConfigurationMethod(Invoker.java:515)
	at org.testng.internal.Invoker.invokeConfigurations(Invoker.java:216)
	at org.testng.internal.Invoker.invokeConfigurations(Invoker.java:143)
	at org.testng.TestRunner.beforeRun(TestRunner.java:656)
	at org.testng.TestRunner.run(TestRunner.java:624)
	at org.testng.SuiteRunner.runTest(SuiteRunner.java:366)
	at org.testng.SuiteRunner.runSequentially(SuiteRunner.java:361)
	at org.testng.SuiteRunner.privateRun(SuiteRunner.java:319)
	at org.testng.SuiteRunner.run(SuiteRunner.java:268)
	at org.testng.SuiteRunnerWorker.runSuite(SuiteRunnerWorker.java:52)
	at org.testng.SuiteRunnerWorker.run(SuiteRunnerWorker.java:86)
	at org.testng.TestNG.runSuitesSequentially(TestNG.java:1225)
	at org.testng.TestNG.runSuitesLocally(TestNG.java:1150)
	at org.testng.TestNG.runSuites(TestNG.java:1075)
	at org.testng.TestNG.run(TestNG.java:1047)
	at org.testng.remote.AbstractRemoteTestNG.run(AbstractRemoteTestNG.java:126)
	at org.testng.remote.RemoteTestNG.initAndRun(RemoteTestNG.java:137)
	at org.testng.remote.RemoteTestNG.main(RemoteTestNG.java:58)
Caused by: java.lang.ClassCastException: com.google.common.collect.Maps$TransformedEntriesMap cannot be cast to org.openqa.selenium.WebElement
	at org.openqa.selenium.remote.RemoteWebDriver.findElement(RemoteWebDriver.java:373)
	... 36 more
]]>
    </error>
  </testcase> <!-- create_InterLocationStockTransfer -->
  <testcase name="StockRepair_ApproveReject" time="0.001" classname="krawler.erp.testCases.Inventory.InventoryModule">
    <error type="org.openqa.selenium.WebDriverException" message="Returned value cannot be converted to WebElement: {stacktrace=Backtrace:
	Ordinal0 [0x00E7A903+1550595]
	Ordinal0 [0x00DFA701+1025793]
	Ordinal0 [0x00D7C58E+509326]
	Ordinal0 [0x00D10FB9+69561]
	Ordinal0 [0x00D28DD7+167383]
	Ordinal0 [0x00D277F2+161778]
	Ordinal0 [0x00D273CA+160714]
	Ordinal0 [0x00D0221E+8734]
	Ordinal0 [0x00D02606+9734]
	Ordinal0 [0x00D02C80+11392]
	Ordinal0 [0x00E142C7+1131207]
	GetHandleVerifier [0x00F170FD+523789]
	GetHandleVerifier [0x00F16E90+523168]
	GetHandleVerifier [0x00F1E1E7+552695]
	GetHandleVerifier [0x00F178FA+525834]
	Ordinal0 [0x00E0B7FC+1095676]
	Ordinal0 [0x00D02053+8275]
	Ordinal0 [0x00D01DA7+7591]
	GetHandleVerifier [0x0127A3BC+4075724]
	BaseThreadInitThunk [0x7648FA29+25]
	RtlGetAppContainerNamedObjectPath [0x77C47A4E+286]
	RtlGetAppContainerNamedObjectPath [0x77C47A1E+238]
, error=invalid session id, message=invalid session id}
Build info: version: &#039;3.0.1&#039;, revision: &#039;1969d75&#039;, time: &#039;2016-10-18 09:49:13 -0700&#039;
System info: host: &#039;DESKTOP-O2IJE2R&#039;, ip: &#039;192.168.43.19&#039;, os.name: &#039;Windows 10&#039;, os.arch: &#039;amd64&#039;, os.version: &#039;10.0&#039;, java.version: &#039;1.8.0_131&#039;
Driver info: driver.version: RemoteWebDriver">
      <![CDATA[org.openqa.selenium.WebDriverException: Returned value cannot be converted to WebElement: {stacktrace=Backtrace:
	Ordinal0 [0x00E7A903+1550595]
	Ordinal0 [0x00DFA701+1025793]
	Ordinal0 [0x00D7C58E+509326]
	Ordinal0 [0x00D10FB9+69561]
	Ordinal0 [0x00D28DD7+167383]
	Ordinal0 [0x00D277F2+161778]
	Ordinal0 [0x00D273CA+160714]
	Ordinal0 [0x00D0221E+8734]
	Ordinal0 [0x00D02606+9734]
	Ordinal0 [0x00D02C80+11392]
	Ordinal0 [0x00E142C7+1131207]
	GetHandleVerifier [0x00F170FD+523789]
	GetHandleVerifier [0x00F16E90+523168]
	GetHandleVerifier [0x00F1E1E7+552695]
	GetHandleVerifier [0x00F178FA+525834]
	Ordinal0 [0x00E0B7FC+1095676]
	Ordinal0 [0x00D02053+8275]
	Ordinal0 [0x00D01DA7+7591]
	GetHandleVerifier [0x0127A3BC+4075724]
	BaseThreadInitThunk [0x7648FA29+25]
	RtlGetAppContainerNamedObjectPath [0x77C47A4E+286]
	RtlGetAppContainerNamedObjectPath [0x77C47A1E+238]
, error=invalid session id, message=invalid session id}
Build info: version: '3.0.1', revision: '1969d75', time: '2016-10-18 09:49:13 -0700'
System info: host: 'DESKTOP-O2IJE2R', ip: '192.168.43.19', os.name: 'Windows 10', os.arch: 'amd64', os.version: '10.0', java.version: '1.8.0_131'
Driver info: driver.version: RemoteWebDriver
	at org.openqa.selenium.remote.RemoteWebDriver.findElement(RemoteWebDriver.java:375)
	at org.openqa.selenium.remote.RemoteWebDriver.findElementByXPath(RemoteWebDriver.java:473)
	at org.openqa.selenium.By$ByXPath.findElement(By.java:361)
	at org.openqa.selenium.remote.RemoteWebDriver.findElement(RemoteWebDriver.java:360)
	at org.openqa.selenium.support.ui.ExpectedConditions.findElement(ExpectedConditions.java:895)
	at org.openqa.selenium.support.ui.ExpectedConditions.access$000(ExpectedConditions.java:41)
	at org.openqa.selenium.support.ui.ExpectedConditions$7.apply(ExpectedConditions.java:205)
	at org.openqa.selenium.support.ui.ExpectedConditions$7.apply(ExpectedConditions.java:201)
	at org.openqa.selenium.support.ui.ExpectedConditions$22.apply(ExpectedConditions.java:651)
	at org.openqa.selenium.support.ui.ExpectedConditions$22.apply(ExpectedConditions.java:644)
	at org.openqa.selenium.support.ui.FluentWait.until(FluentWait.java:238)
	at krawler.erp.page.Utilities.enterTextNormalBox(Utilities.java:340)
	at krawler.erp.page.Login.loginERP(Login.java:25)
	at krawler.erp.testCases.Inventory.BaseSetUp.beforeTestLogin(BaseSetUp.java:37)
	at sun.reflect.NativeMethodAccessorImpl.invoke0(Native Method)
	at sun.reflect.NativeMethodAccessorImpl.invoke(Unknown Source)
	at sun.reflect.DelegatingMethodAccessorImpl.invoke(Unknown Source)
	at java.lang.reflect.Method.invoke(Unknown Source)
	at org.testng.internal.MethodInvocationHelper.invokeMethod(MethodInvocationHelper.java:86)
	at org.testng.internal.Invoker.invokeConfigurationMethod(Invoker.java:515)
	at org.testng.internal.Invoker.invokeConfigurations(Invoker.java:216)
	at org.testng.internal.Invoker.invokeConfigurations(Invoker.java:143)
	at org.testng.TestRunner.beforeRun(TestRunner.java:656)
	at org.testng.TestRunner.run(TestRunner.java:624)
	at org.testng.SuiteRunner.runTest(SuiteRunner.java:366)
	at org.testng.SuiteRunner.runSequentially(SuiteRunner.java:361)
	at org.testng.SuiteRunner.privateRun(SuiteRunner.java:319)
	at org.testng.SuiteRunner.run(SuiteRunner.java:268)
	at org.testng.SuiteRunnerWorker.runSuite(SuiteRunnerWorker.java:52)
	at org.testng.SuiteRunnerWorker.run(SuiteRunnerWorker.java:86)
	at org.testng.TestNG.runSuitesSequentially(TestNG.java:1225)
	at org.testng.TestNG.runSuitesLocally(TestNG.java:1150)
	at org.testng.TestNG.runSuites(TestNG.java:1075)
	at org.testng.TestNG.run(TestNG.java:1047)
	at org.testng.remote.AbstractRemoteTestNG.run(AbstractRemoteTestNG.java:126)
	at org.testng.remote.RemoteTestNG.initAndRun(RemoteTestNG.java:137)
	at org.testng.remote.RemoteTestNG.main(RemoteTestNG.java:58)
Caused by: java.lang.ClassCastException: com.google.common.collect.Maps$TransformedEntriesMap cannot be cast to org.openqa.selenium.WebElement
	at org.openqa.selenium.remote.RemoteWebDriver.findElement(RemoteWebDriver.java:373)
	... 36 more
]]>
    </error>
  </testcase> <!-- StockRepair_ApproveReject -->
  <testcase name="create_InterStoreStockTransfer" time="0.000" classname="krawler.erp.testCases.Inventory.InventoryModule">
    <error type="org.openqa.selenium.WebDriverException" message="Returned value cannot be converted to WebElement: {stacktrace=Backtrace:
	Ordinal0 [0x00E7A903+1550595]
	Ordinal0 [0x00DFA701+1025793]
	Ordinal0 [0x00D7C58E+509326]
	Ordinal0 [0x00D10FB9+69561]
	Ordinal0 [0x00D28DD7+167383]
	Ordinal0 [0x00D277F2+161778]
	Ordinal0 [0x00D273CA+160714]
	Ordinal0 [0x00D0221E+8734]
	Ordinal0 [0x00D02606+9734]
	Ordinal0 [0x00D02C80+11392]
	Ordinal0 [0x00E142C7+1131207]
	GetHandleVerifier [0x00F170FD+523789]
	GetHandleVerifier [0x00F16E90+523168]
	GetHandleVerifier [0x00F1E1E7+552695]
	GetHandleVerifier [0x00F178FA+525834]
	Ordinal0 [0x00E0B7FC+1095676]
	Ordinal0 [0x00D02053+8275]
	Ordinal0 [0x00D01DA7+7591]
	GetHandleVerifier [0x0127A3BC+4075724]
	BaseThreadInitThunk [0x7648FA29+25]
	RtlGetAppContainerNamedObjectPath [0x77C47A4E+286]
	RtlGetAppContainerNamedObjectPath [0x77C47A1E+238]
, error=invalid session id, message=invalid session id}
Build info: version: &#039;3.0.1&#039;, revision: &#039;1969d75&#039;, time: &#039;2016-10-18 09:49:13 -0700&#039;
System info: host: &#039;DESKTOP-O2IJE2R&#039;, ip: &#039;192.168.43.19&#039;, os.name: &#039;Windows 10&#039;, os.arch: &#039;amd64&#039;, os.version: &#039;10.0&#039;, java.version: &#039;1.8.0_131&#039;
Driver info: driver.version: RemoteWebDriver">
      <![CDATA[org.openqa.selenium.WebDriverException: Returned value cannot be converted to WebElement: {stacktrace=Backtrace:
	Ordinal0 [0x00E7A903+1550595]
	Ordinal0 [0x00DFA701+1025793]
	Ordinal0 [0x00D7C58E+509326]
	Ordinal0 [0x00D10FB9+69561]
	Ordinal0 [0x00D28DD7+167383]
	Ordinal0 [0x00D277F2+161778]
	Ordinal0 [0x00D273CA+160714]
	Ordinal0 [0x00D0221E+8734]
	Ordinal0 [0x00D02606+9734]
	Ordinal0 [0x00D02C80+11392]
	Ordinal0 [0x00E142C7+1131207]
	GetHandleVerifier [0x00F170FD+523789]
	GetHandleVerifier [0x00F16E90+523168]
	GetHandleVerifier [0x00F1E1E7+552695]
	GetHandleVerifier [0x00F178FA+525834]
	Ordinal0 [0x00E0B7FC+1095676]
	Ordinal0 [0x00D02053+8275]
	Ordinal0 [0x00D01DA7+7591]
	GetHandleVerifier [0x0127A3BC+4075724]
	BaseThreadInitThunk [0x7648FA29+25]
	RtlGetAppContainerNamedObjectPath [0x77C47A4E+286]
	RtlGetAppContainerNamedObjectPath [0x77C47A1E+238]
, error=invalid session id, message=invalid session id}
Build info: version: '3.0.1', revision: '1969d75', time: '2016-10-18 09:49:13 -0700'
System info: host: 'DESKTOP-O2IJE2R', ip: '192.168.43.19', os.name: 'Windows 10', os.arch: 'amd64', os.version: '10.0', java.version: '1.8.0_131'
Driver info: driver.version: RemoteWebDriver
	at org.openqa.selenium.remote.RemoteWebDriver.findElement(RemoteWebDriver.java:375)
	at org.openqa.selenium.remote.RemoteWebDriver.findElementByXPath(RemoteWebDriver.java:473)
	at org.openqa.selenium.By$ByXPath.findElement(By.java:361)
	at org.openqa.selenium.remote.RemoteWebDriver.findElement(RemoteWebDriver.java:360)
	at org.openqa.selenium.support.ui.ExpectedConditions.findElement(ExpectedConditions.java:895)
	at org.openqa.selenium.support.ui.ExpectedConditions.access$000(ExpectedConditions.java:41)
	at org.openqa.selenium.support.ui.ExpectedConditions$7.apply(ExpectedConditions.java:205)
	at org.openqa.selenium.support.ui.ExpectedConditions$7.apply(ExpectedConditions.java:201)
	at org.openqa.selenium.support.ui.ExpectedConditions$22.apply(ExpectedConditions.java:651)
	at org.openqa.selenium.support.ui.ExpectedConditions$22.apply(ExpectedConditions.java:644)
	at org.openqa.selenium.support.ui.FluentWait.until(FluentWait.java:238)
	at krawler.erp.page.Utilities.enterTextNormalBox(Utilities.java:340)
	at krawler.erp.page.Login.loginERP(Login.java:25)
	at krawler.erp.testCases.Inventory.BaseSetUp.beforeTestLogin(BaseSetUp.java:37)
	at sun.reflect.NativeMethodAccessorImpl.invoke0(Native Method)
	at sun.reflect.NativeMethodAccessorImpl.invoke(Unknown Source)
	at sun.reflect.DelegatingMethodAccessorImpl.invoke(Unknown Source)
	at java.lang.reflect.Method.invoke(Unknown Source)
	at org.testng.internal.MethodInvocationHelper.invokeMethod(MethodInvocationHelper.java:86)
	at org.testng.internal.Invoker.invokeConfigurationMethod(Invoker.java:515)
	at org.testng.internal.Invoker.invokeConfigurations(Invoker.java:216)
	at org.testng.internal.Invoker.invokeConfigurations(Invoker.java:143)
	at org.testng.TestRunner.beforeRun(TestRunner.java:656)
	at org.testng.TestRunner.run(TestRunner.java:624)
	at org.testng.SuiteRunner.runTest(SuiteRunner.java:366)
	at org.testng.SuiteRunner.runSequentially(SuiteRunner.java:361)
	at org.testng.SuiteRunner.privateRun(SuiteRunner.java:319)
	at org.testng.SuiteRunner.run(SuiteRunner.java:268)
	at org.testng.SuiteRunnerWorker.runSuite(SuiteRunnerWorker.java:52)
	at org.testng.SuiteRunnerWorker.run(SuiteRunnerWorker.java:86)
	at org.testng.TestNG.runSuitesSequentially(TestNG.java:1225)
	at org.testng.TestNG.runSuitesLocally(TestNG.java:1150)
	at org.testng.TestNG.runSuites(TestNG.java:1075)
	at org.testng.TestNG.run(TestNG.java:1047)
	at org.testng.remote.AbstractRemoteTestNG.run(AbstractRemoteTestNG.java:126)
	at org.testng.remote.RemoteTestNG.initAndRun(RemoteTestNG.java:137)
	at org.testng.remote.RemoteTestNG.main(RemoteTestNG.java:58)
Caused by: java.lang.ClassCastException: com.google.common.collect.Maps$TransformedEntriesMap cannot be cast to org.openqa.selenium.WebElement
	at org.openqa.selenium.remote.RemoteWebDriver.findElement(RemoteWebDriver.java:373)
	... 36 more
]]>
    </error>
  </testcase> <!-- create_InterStoreStockTransfer -->
  <testcase name="create_abProduct" time="0.001" classname="krawler.erp.testCases.Inventory.InventoryModule">
    <error type="org.openqa.selenium.WebDriverException" message="Returned value cannot be converted to WebElement: {stacktrace=Backtrace:
	Ordinal0 [0x00E7A903+1550595]
	Ordinal0 [0x00DFA701+1025793]
	Ordinal0 [0x00D7C58E+509326]
	Ordinal0 [0x00D10FB9+69561]
	Ordinal0 [0x00D28DD7+167383]
	Ordinal0 [0x00D277F2+161778]
	Ordinal0 [0x00D273CA+160714]
	Ordinal0 [0x00D0221E+8734]
	Ordinal0 [0x00D02606+9734]
	Ordinal0 [0x00D02C80+11392]
	Ordinal0 [0x00E142C7+1131207]
	GetHandleVerifier [0x00F170FD+523789]
	GetHandleVerifier [0x00F16E90+523168]
	GetHandleVerifier [0x00F1E1E7+552695]
	GetHandleVerifier [0x00F178FA+525834]
	Ordinal0 [0x00E0B7FC+1095676]
	Ordinal0 [0x00D02053+8275]
	Ordinal0 [0x00D01DA7+7591]
	GetHandleVerifier [0x0127A3BC+4075724]
	BaseThreadInitThunk [0x7648FA29+25]
	RtlGetAppContainerNamedObjectPath [0x77C47A4E+286]
	RtlGetAppContainerNamedObjectPath [0x77C47A1E+238]
, error=invalid session id, message=invalid session id}
Build info: version: &#039;3.0.1&#039;, revision: &#039;1969d75&#039;, time: &#039;2016-10-18 09:49:13 -0700&#039;
System info: host: &#039;DESKTOP-O2IJE2R&#039;, ip: &#039;192.168.43.19&#039;, os.name: &#039;Windows 10&#039;, os.arch: &#039;amd64&#039;, os.version: &#039;10.0&#039;, java.version: &#039;1.8.0_131&#039;
Driver info: driver.version: RemoteWebDriver">
      <![CDATA[org.openqa.selenium.WebDriverException: Returned value cannot be converted to WebElement: {stacktrace=Backtrace:
	Ordinal0 [0x00E7A903+1550595]
	Ordinal0 [0x00DFA701+1025793]
	Ordinal0 [0x00D7C58E+509326]
	Ordinal0 [0x00D10FB9+69561]
	Ordinal0 [0x00D28DD7+167383]
	Ordinal0 [0x00D277F2+161778]
	Ordinal0 [0x00D273CA+160714]
	Ordinal0 [0x00D0221E+8734]
	Ordinal0 [0x00D02606+9734]
	Ordinal0 [0x00D02C80+11392]
	Ordinal0 [0x00E142C7+1131207]
	GetHandleVerifier [0x00F170FD+523789]
	GetHandleVerifier [0x00F16E90+523168]
	GetHandleVerifier [0x00F1E1E7+552695]
	GetHandleVerifier [0x00F178FA+525834]
	Ordinal0 [0x00E0B7FC+1095676]
	Ordinal0 [0x00D02053+8275]
	Ordinal0 [0x00D01DA7+7591]
	GetHandleVerifier [0x0127A3BC+4075724]
	BaseThreadInitThunk [0x7648FA29+25]
	RtlGetAppContainerNamedObjectPath [0x77C47A4E+286]
	RtlGetAppContainerNamedObjectPath [0x77C47A1E+238]
, error=invalid session id, message=invalid session id}
Build info: version: '3.0.1', revision: '1969d75', time: '2016-10-18 09:49:13 -0700'
System info: host: 'DESKTOP-O2IJE2R', ip: '192.168.43.19', os.name: 'Windows 10', os.arch: 'amd64', os.version: '10.0', java.version: '1.8.0_131'
Driver info: driver.version: RemoteWebDriver
	at org.openqa.selenium.remote.RemoteWebDriver.findElement(RemoteWebDriver.java:375)
	at org.openqa.selenium.remote.RemoteWebDriver.findElementByXPath(RemoteWebDriver.java:473)
	at org.openqa.selenium.By$ByXPath.findElement(By.java:361)
	at org.openqa.selenium.remote.RemoteWebDriver.findElement(RemoteWebDriver.java:360)
	at org.openqa.selenium.support.ui.ExpectedConditions.findElement(ExpectedConditions.java:895)
	at org.openqa.selenium.support.ui.ExpectedConditions.access$000(ExpectedConditions.java:41)
	at org.openqa.selenium.support.ui.ExpectedConditions$7.apply(ExpectedConditions.java:205)
	at org.openqa.selenium.support.ui.ExpectedConditions$7.apply(ExpectedConditions.java:201)
	at org.openqa.selenium.support.ui.ExpectedConditions$22.apply(ExpectedConditions.java:651)
	at org.openqa.selenium.support.ui.ExpectedConditions$22.apply(ExpectedConditions.java:644)
	at org.openqa.selenium.support.ui.FluentWait.until(FluentWait.java:238)
	at krawler.erp.page.Utilities.enterTextNormalBox(Utilities.java:340)
	at krawler.erp.page.Login.loginERP(Login.java:25)
	at krawler.erp.testCases.Inventory.BaseSetUp.beforeTestLogin(BaseSetUp.java:37)
	at sun.reflect.NativeMethodAccessorImpl.invoke0(Native Method)
	at sun.reflect.NativeMethodAccessorImpl.invoke(Unknown Source)
	at sun.reflect.DelegatingMethodAccessorImpl.invoke(Unknown Source)
	at java.lang.reflect.Method.invoke(Unknown Source)
	at org.testng.internal.MethodInvocationHelper.invokeMethod(MethodInvocationHelper.java:86)
	at org.testng.internal.Invoker.invokeConfigurationMethod(Invoker.java:515)
	at org.testng.internal.Invoker.invokeConfigurations(Invoker.java:216)
	at org.testng.internal.Invoker.invokeConfigurations(Invoker.java:143)
	at org.testng.TestRunner.beforeRun(TestRunner.java:656)
	at org.testng.TestRunner.run(TestRunner.java:624)
	at org.testng.SuiteRunner.runTest(SuiteRunner.java:366)
	at org.testng.SuiteRunner.runSequentially(SuiteRunner.java:361)
	at org.testng.SuiteRunner.privateRun(SuiteRunner.java:319)
	at org.testng.SuiteRunner.run(SuiteRunner.java:268)
	at org.testng.SuiteRunnerWorker.runSuite(SuiteRunnerWorker.java:52)
	at org.testng.SuiteRunnerWorker.run(SuiteRunnerWorker.java:86)
	at org.testng.TestNG.runSuitesSequentially(TestNG.java:1225)
	at org.testng.TestNG.runSuitesLocally(TestNG.java:1150)
	at org.testng.TestNG.runSuites(TestNG.java:1075)
	at org.testng.TestNG.run(TestNG.java:1047)
	at org.testng.remote.AbstractRemoteTestNG.run(AbstractRemoteTestNG.java:126)
	at org.testng.remote.RemoteTestNG.initAndRun(RemoteTestNG.java:137)
	at org.testng.remote.RemoteTestNG.main(RemoteTestNG.java:58)
Caused by: java.lang.ClassCastException: com.google.common.collect.Maps$TransformedEntriesMap cannot be cast to org.openqa.selenium.WebElement
	at org.openqa.selenium.remote.RemoteWebDriver.findElement(RemoteWebDriver.java:373)
	... 36 more
]]>
    </error>
  </testcase> <!-- create_abProduct -->
  <testcase name="StockSales_without_QA" time="0.001" classname="krawler.erp.testCases.Inventory.InventoryModule">
    <error type="org.openqa.selenium.WebDriverException" message="Returned value cannot be converted to WebElement: {stacktrace=Backtrace:
	Ordinal0 [0x00E7A903+1550595]
	Ordinal0 [0x00DFA701+1025793]
	Ordinal0 [0x00D7C58E+509326]
	Ordinal0 [0x00D10FB9+69561]
	Ordinal0 [0x00D28DD7+167383]
	Ordinal0 [0x00D277F2+161778]
	Ordinal0 [0x00D273CA+160714]
	Ordinal0 [0x00D0221E+8734]
	Ordinal0 [0x00D02606+9734]
	Ordinal0 [0x00D02C80+11392]
	Ordinal0 [0x00E142C7+1131207]
	GetHandleVerifier [0x00F170FD+523789]
	GetHandleVerifier [0x00F16E90+523168]
	GetHandleVerifier [0x00F1E1E7+552695]
	GetHandleVerifier [0x00F178FA+525834]
	Ordinal0 [0x00E0B7FC+1095676]
	Ordinal0 [0x00D02053+8275]
	Ordinal0 [0x00D01DA7+7591]
	GetHandleVerifier [0x0127A3BC+4075724]
	BaseThreadInitThunk [0x7648FA29+25]
	RtlGetAppContainerNamedObjectPath [0x77C47A4E+286]
	RtlGetAppContainerNamedObjectPath [0x77C47A1E+238]
, error=invalid session id, message=invalid session id}
Build info: version: &#039;3.0.1&#039;, revision: &#039;1969d75&#039;, time: &#039;2016-10-18 09:49:13 -0700&#039;
System info: host: &#039;DESKTOP-O2IJE2R&#039;, ip: &#039;192.168.43.19&#039;, os.name: &#039;Windows 10&#039;, os.arch: &#039;amd64&#039;, os.version: &#039;10.0&#039;, java.version: &#039;1.8.0_131&#039;
Driver info: driver.version: RemoteWebDriver">
      <![CDATA[org.openqa.selenium.WebDriverException: Returned value cannot be converted to WebElement: {stacktrace=Backtrace:
	Ordinal0 [0x00E7A903+1550595]
	Ordinal0 [0x00DFA701+1025793]
	Ordinal0 [0x00D7C58E+509326]
	Ordinal0 [0x00D10FB9+69561]
	Ordinal0 [0x00D28DD7+167383]
	Ordinal0 [0x00D277F2+161778]
	Ordinal0 [0x00D273CA+160714]
	Ordinal0 [0x00D0221E+8734]
	Ordinal0 [0x00D02606+9734]
	Ordinal0 [0x00D02C80+11392]
	Ordinal0 [0x00E142C7+1131207]
	GetHandleVerifier [0x00F170FD+523789]
	GetHandleVerifier [0x00F16E90+523168]
	GetHandleVerifier [0x00F1E1E7+552695]
	GetHandleVerifier [0x00F178FA+525834]
	Ordinal0 [0x00E0B7FC+1095676]
	Ordinal0 [0x00D02053+8275]
	Ordinal0 [0x00D01DA7+7591]
	GetHandleVerifier [0x0127A3BC+4075724]
	BaseThreadInitThunk [0x7648FA29+25]
	RtlGetAppContainerNamedObjectPath [0x77C47A4E+286]
	RtlGetAppContainerNamedObjectPath [0x77C47A1E+238]
, error=invalid session id, message=invalid session id}
Build info: version: '3.0.1', revision: '1969d75', time: '2016-10-18 09:49:13 -0700'
System info: host: 'DESKTOP-O2IJE2R', ip: '192.168.43.19', os.name: 'Windows 10', os.arch: 'amd64', os.version: '10.0', java.version: '1.8.0_131'
Driver info: driver.version: RemoteWebDriver
	at org.openqa.selenium.remote.RemoteWebDriver.findElement(RemoteWebDriver.java:375)
	at org.openqa.selenium.remote.RemoteWebDriver.findElementByXPath(RemoteWebDriver.java:473)
	at org.openqa.selenium.By$ByXPath.findElement(By.java:361)
	at org.openqa.selenium.remote.RemoteWebDriver.findElement(RemoteWebDriver.java:360)
	at org.openqa.selenium.support.ui.ExpectedConditions.findElement(ExpectedConditions.java:895)
	at org.openqa.selenium.support.ui.ExpectedConditions.access$000(ExpectedConditions.java:41)
	at org.openqa.selenium.support.ui.ExpectedConditions$7.apply(ExpectedConditions.java:205)
	at org.openqa.selenium.support.ui.ExpectedConditions$7.apply(ExpectedConditions.java:201)
	at org.openqa.selenium.support.ui.ExpectedConditions$22.apply(ExpectedConditions.java:651)
	at org.openqa.selenium.support.ui.ExpectedConditions$22.apply(ExpectedConditions.java:644)
	at org.openqa.selenium.support.ui.FluentWait.until(FluentWait.java:238)
	at krawler.erp.page.Utilities.enterTextNormalBox(Utilities.java:340)
	at krawler.erp.page.Login.loginERP(Login.java:25)
	at krawler.erp.testCases.Inventory.BaseSetUp.beforeTestLogin(BaseSetUp.java:37)
	at sun.reflect.NativeMethodAccessorImpl.invoke0(Native Method)
	at sun.reflect.NativeMethodAccessorImpl.invoke(Unknown Source)
	at sun.reflect.DelegatingMethodAccessorImpl.invoke(Unknown Source)
	at java.lang.reflect.Method.invoke(Unknown Source)
	at org.testng.internal.MethodInvocationHelper.invokeMethod(MethodInvocationHelper.java:86)
	at org.testng.internal.Invoker.invokeConfigurationMethod(Invoker.java:515)
	at org.testng.internal.Invoker.invokeConfigurations(Invoker.java:216)
	at org.testng.internal.Invoker.invokeConfigurations(Invoker.java:143)
	at org.testng.TestRunner.beforeRun(TestRunner.java:656)
	at org.testng.TestRunner.run(TestRunner.java:624)
	at org.testng.SuiteRunner.runTest(SuiteRunner.java:366)
	at org.testng.SuiteRunner.runSequentially(SuiteRunner.java:361)
	at org.testng.SuiteRunner.privateRun(SuiteRunner.java:319)
	at org.testng.SuiteRunner.run(SuiteRunner.java:268)
	at org.testng.SuiteRunnerWorker.runSuite(SuiteRunnerWorker.java:52)
	at org.testng.SuiteRunnerWorker.run(SuiteRunnerWorker.java:86)
	at org.testng.TestNG.runSuitesSequentially(TestNG.java:1225)
	at org.testng.TestNG.runSuitesLocally(TestNG.java:1150)
	at org.testng.TestNG.runSuites(TestNG.java:1075)
	at org.testng.TestNG.run(TestNG.java:1047)
	at org.testng.remote.AbstractRemoteTestNG.run(AbstractRemoteTestNG.java:126)
	at org.testng.remote.RemoteTestNG.initAndRun(RemoteTestNG.java:137)
	at org.testng.remote.RemoteTestNG.main(RemoteTestNG.java:58)
Caused by: java.lang.ClassCastException: com.google.common.collect.Maps$TransformedEntriesMap cannot be cast to org.openqa.selenium.WebElement
	at org.openqa.selenium.remote.RemoteWebDriver.findElement(RemoteWebDriver.java:373)
	... 36 more
]]>
    </error>
  </testcase> <!-- StockSales_without_QA -->
  <testcase name="create_StockRequest" time="0.004" classname="krawler.erp.testCases.Inventory.InventoryModule">
    <error type="org.openqa.selenium.WebDriverException" message="Returned value cannot be converted to WebElement: {stacktrace=Backtrace:
	Ordinal0 [0x00E7A903+1550595]
	Ordinal0 [0x00DFA701+1025793]
	Ordinal0 [0x00D7C58E+509326]
	Ordinal0 [0x00D10FB9+69561]
	Ordinal0 [0x00D28DD7+167383]
	Ordinal0 [0x00D277F2+161778]
	Ordinal0 [0x00D273CA+160714]
	Ordinal0 [0x00D0221E+8734]
	Ordinal0 [0x00D02606+9734]
	Ordinal0 [0x00D02C80+11392]
	Ordinal0 [0x00E142C7+1131207]
	GetHandleVerifier [0x00F170FD+523789]
	GetHandleVerifier [0x00F16E90+523168]
	GetHandleVerifier [0x00F1E1E7+552695]
	GetHandleVerifier [0x00F178FA+525834]
	Ordinal0 [0x00E0B7FC+1095676]
	Ordinal0 [0x00D02053+8275]
	Ordinal0 [0x00D01DA7+7591]
	GetHandleVerifier [0x0127A3BC+4075724]
	BaseThreadInitThunk [0x7648FA29+25]
	RtlGetAppContainerNamedObjectPath [0x77C47A4E+286]
	RtlGetAppContainerNamedObjectPath [0x77C47A1E+238]
, error=invalid session id, message=invalid session id}
Build info: version: &#039;3.0.1&#039;, revision: &#039;1969d75&#039;, time: &#039;2016-10-18 09:49:13 -0700&#039;
System info: host: &#039;DESKTOP-O2IJE2R&#039;, ip: &#039;192.168.43.19&#039;, os.name: &#039;Windows 10&#039;, os.arch: &#039;amd64&#039;, os.version: &#039;10.0&#039;, java.version: &#039;1.8.0_131&#039;
Driver info: driver.version: RemoteWebDriver">
      <![CDATA[org.openqa.selenium.WebDriverException: Returned value cannot be converted to WebElement: {stacktrace=Backtrace:
	Ordinal0 [0x00E7A903+1550595]
	Ordinal0 [0x00DFA701+1025793]
	Ordinal0 [0x00D7C58E+509326]
	Ordinal0 [0x00D10FB9+69561]
	Ordinal0 [0x00D28DD7+167383]
	Ordinal0 [0x00D277F2+161778]
	Ordinal0 [0x00D273CA+160714]
	Ordinal0 [0x00D0221E+8734]
	Ordinal0 [0x00D02606+9734]
	Ordinal0 [0x00D02C80+11392]
	Ordinal0 [0x00E142C7+1131207]
	GetHandleVerifier [0x00F170FD+523789]
	GetHandleVerifier [0x00F16E90+523168]
	GetHandleVerifier [0x00F1E1E7+552695]
	GetHandleVerifier [0x00F178FA+525834]
	Ordinal0 [0x00E0B7FC+1095676]
	Ordinal0 [0x00D02053+8275]
	Ordinal0 [0x00D01DA7+7591]
	GetHandleVerifier [0x0127A3BC+4075724]
	BaseThreadInitThunk [0x7648FA29+25]
	RtlGetAppContainerNamedObjectPath [0x77C47A4E+286]
	RtlGetAppContainerNamedObjectPath [0x77C47A1E+238]
, error=invalid session id, message=invalid session id}
Build info: version: '3.0.1', revision: '1969d75', time: '2016-10-18 09:49:13 -0700'
System info: host: 'DESKTOP-O2IJE2R', ip: '192.168.43.19', os.name: 'Windows 10', os.arch: 'amd64', os.version: '10.0', java.version: '1.8.0_131'
Driver info: driver.version: RemoteWebDriver
	at org.openqa.selenium.remote.RemoteWebDriver.findElement(RemoteWebDriver.java:375)
	at org.openqa.selenium.remote.RemoteWebDriver.findElementByXPath(RemoteWebDriver.java:473)
	at org.openqa.selenium.By$ByXPath.findElement(By.java:361)
	at org.openqa.selenium.remote.RemoteWebDriver.findElement(RemoteWebDriver.java:360)
	at org.openqa.selenium.support.ui.ExpectedConditions.findElement(ExpectedConditions.java:895)
	at org.openqa.selenium.support.ui.ExpectedConditions.access$000(ExpectedConditions.java:41)
	at org.openqa.selenium.support.ui.ExpectedConditions$7.apply(ExpectedConditions.java:205)
	at org.openqa.selenium.support.ui.ExpectedConditions$7.apply(ExpectedConditions.java:201)
	at org.openqa.selenium.support.ui.ExpectedConditions$22.apply(ExpectedConditions.java:651)
	at org.openqa.selenium.support.ui.ExpectedConditions$22.apply(ExpectedConditions.java:644)
	at org.openqa.selenium.support.ui.FluentWait.until(FluentWait.java:238)
	at krawler.erp.page.Utilities.enterTextNormalBox(Utilities.java:340)
	at krawler.erp.page.Login.loginERP(Login.java:25)
	at krawler.erp.testCases.Inventory.BaseSetUp.beforeTestLogin(BaseSetUp.java:37)
	at sun.reflect.NativeMethodAccessorImpl.invoke0(Native Method)
	at sun.reflect.NativeMethodAccessorImpl.invoke(Unknown Source)
	at sun.reflect.DelegatingMethodAccessorImpl.invoke(Unknown Source)
	at java.lang.reflect.Method.invoke(Unknown Source)
	at org.testng.internal.MethodInvocationHelper.invokeMethod(MethodInvocationHelper.java:86)
	at org.testng.internal.Invoker.invokeConfigurationMethod(Invoker.java:515)
	at org.testng.internal.Invoker.invokeConfigurations(Invoker.java:216)
	at org.testng.internal.Invoker.invokeConfigurations(Invoker.java:143)
	at org.testng.TestRunner.beforeRun(TestRunner.java:656)
	at org.testng.TestRunner.run(TestRunner.java:624)
	at org.testng.SuiteRunner.runTest(SuiteRunner.java:366)
	at org.testng.SuiteRunner.runSequentially(SuiteRunner.java:361)
	at org.testng.SuiteRunner.privateRun(SuiteRunner.java:319)
	at org.testng.SuiteRunner.run(SuiteRunner.java:268)
	at org.testng.SuiteRunnerWorker.runSuite(SuiteRunnerWorker.java:52)
	at org.testng.SuiteRunnerWorker.run(SuiteRunnerWorker.java:86)
	at org.testng.TestNG.runSuitesSequentially(TestNG.java:1225)
	at org.testng.TestNG.runSuitesLocally(TestNG.java:1150)
	at org.testng.TestNG.runSuites(TestNG.java:1075)
	at org.testng.TestNG.run(TestNG.java:1047)
	at org.testng.remote.AbstractRemoteTestNG.run(AbstractRemoteTestNG.java:126)
	at org.testng.remote.RemoteTestNG.initAndRun(RemoteTestNG.java:137)
	at org.testng.remote.RemoteTestNG.main(RemoteTestNG.java:58)
Caused by: java.lang.ClassCastException: com.google.common.collect.Maps$TransformedEntriesMap cannot be cast to org.openqa.selenium.WebElement
	at org.openqa.selenium.remote.RemoteWebDriver.findElement(RemoteWebDriver.java:373)
	... 36 more
]]>
    </error>
  </testcase> <!-- create_StockRequest -->
  <testcase name="StockIN_without_QA" time="0.001" classname="krawler.erp.testCases.Inventory.InventoryModule">
    <error type="org.openqa.selenium.WebDriverException" message="Returned value cannot be converted to WebElement: {stacktrace=Backtrace:
	Ordinal0 [0x00E7A903+1550595]
	Ordinal0 [0x00DFA701+1025793]
	Ordinal0 [0x00D7C58E+509326]
	Ordinal0 [0x00D10FB9+69561]
	Ordinal0 [0x00D28DD7+167383]
	Ordinal0 [0x00D277F2+161778]
	Ordinal0 [0x00D273CA+160714]
	Ordinal0 [0x00D0221E+8734]
	Ordinal0 [0x00D02606+9734]
	Ordinal0 [0x00D02C80+11392]
	Ordinal0 [0x00E142C7+1131207]
	GetHandleVerifier [0x00F170FD+523789]
	GetHandleVerifier [0x00F16E90+523168]
	GetHandleVerifier [0x00F1E1E7+552695]
	GetHandleVerifier [0x00F178FA+525834]
	Ordinal0 [0x00E0B7FC+1095676]
	Ordinal0 [0x00D02053+8275]
	Ordinal0 [0x00D01DA7+7591]
	GetHandleVerifier [0x0127A3BC+4075724]
	BaseThreadInitThunk [0x7648FA29+25]
	RtlGetAppContainerNamedObjectPath [0x77C47A4E+286]
	RtlGetAppContainerNamedObjectPath [0x77C47A1E+238]
, error=invalid session id, message=invalid session id}
Build info: version: &#039;3.0.1&#039;, revision: &#039;1969d75&#039;, time: &#039;2016-10-18 09:49:13 -0700&#039;
System info: host: &#039;DESKTOP-O2IJE2R&#039;, ip: &#039;192.168.43.19&#039;, os.name: &#039;Windows 10&#039;, os.arch: &#039;amd64&#039;, os.version: &#039;10.0&#039;, java.version: &#039;1.8.0_131&#039;
Driver info: driver.version: RemoteWebDriver">
      <![CDATA[org.openqa.selenium.WebDriverException: Returned value cannot be converted to WebElement: {stacktrace=Backtrace:
	Ordinal0 [0x00E7A903+1550595]
	Ordinal0 [0x00DFA701+1025793]
	Ordinal0 [0x00D7C58E+509326]
	Ordinal0 [0x00D10FB9+69561]
	Ordinal0 [0x00D28DD7+167383]
	Ordinal0 [0x00D277F2+161778]
	Ordinal0 [0x00D273CA+160714]
	Ordinal0 [0x00D0221E+8734]
	Ordinal0 [0x00D02606+9734]
	Ordinal0 [0x00D02C80+11392]
	Ordinal0 [0x00E142C7+1131207]
	GetHandleVerifier [0x00F170FD+523789]
	GetHandleVerifier [0x00F16E90+523168]
	GetHandleVerifier [0x00F1E1E7+552695]
	GetHandleVerifier [0x00F178FA+525834]
	Ordinal0 [0x00E0B7FC+1095676]
	Ordinal0 [0x00D02053+8275]
	Ordinal0 [0x00D01DA7+7591]
	GetHandleVerifier [0x0127A3BC+4075724]
	BaseThreadInitThunk [0x7648FA29+25]
	RtlGetAppContainerNamedObjectPath [0x77C47A4E+286]
	RtlGetAppContainerNamedObjectPath [0x77C47A1E+238]
, error=invalid session id, message=invalid session id}
Build info: version: '3.0.1', revision: '1969d75', time: '2016-10-18 09:49:13 -0700'
System info: host: 'DESKTOP-O2IJE2R', ip: '192.168.43.19', os.name: 'Windows 10', os.arch: 'amd64', os.version: '10.0', java.version: '1.8.0_131'
Driver info: driver.version: RemoteWebDriver
	at org.openqa.selenium.remote.RemoteWebDriver.findElement(RemoteWebDriver.java:375)
	at org.openqa.selenium.remote.RemoteWebDriver.findElementByXPath(RemoteWebDriver.java:473)
	at org.openqa.selenium.By$ByXPath.findElement(By.java:361)
	at org.openqa.selenium.remote.RemoteWebDriver.findElement(RemoteWebDriver.java:360)
	at org.openqa.selenium.support.ui.ExpectedConditions.findElement(ExpectedConditions.java:895)
	at org.openqa.selenium.support.ui.ExpectedConditions.access$000(ExpectedConditions.java:41)
	at org.openqa.selenium.support.ui.ExpectedConditions$7.apply(ExpectedConditions.java:205)
	at org.openqa.selenium.support.ui.ExpectedConditions$7.apply(ExpectedConditions.java:201)
	at org.openqa.selenium.support.ui.ExpectedConditions$22.apply(ExpectedConditions.java:651)
	at org.openqa.selenium.support.ui.ExpectedConditions$22.apply(ExpectedConditions.java:644)
	at org.openqa.selenium.support.ui.FluentWait.until(FluentWait.java:238)
	at krawler.erp.page.Utilities.enterTextNormalBox(Utilities.java:340)
	at krawler.erp.page.Login.loginERP(Login.java:25)
	at krawler.erp.testCases.Inventory.BaseSetUp.beforeTestLogin(BaseSetUp.java:37)
	at sun.reflect.NativeMethodAccessorImpl.invoke0(Native Method)
	at sun.reflect.NativeMethodAccessorImpl.invoke(Unknown Source)
	at sun.reflect.DelegatingMethodAccessorImpl.invoke(Unknown Source)
	at java.lang.reflect.Method.invoke(Unknown Source)
	at org.testng.internal.MethodInvocationHelper.invokeMethod(MethodInvocationHelper.java:86)
	at org.testng.internal.Invoker.invokeConfigurationMethod(Invoker.java:515)
	at org.testng.internal.Invoker.invokeConfigurations(Invoker.java:216)
	at org.testng.internal.Invoker.invokeConfigurations(Invoker.java:143)
	at org.testng.TestRunner.beforeRun(TestRunner.java:656)
	at org.testng.TestRunner.run(TestRunner.java:624)
	at org.testng.SuiteRunner.runTest(SuiteRunner.java:366)
	at org.testng.SuiteRunner.runSequentially(SuiteRunner.java:361)
	at org.testng.SuiteRunner.privateRun(SuiteRunner.java:319)
	at org.testng.SuiteRunner.run(SuiteRunner.java:268)
	at org.testng.SuiteRunnerWorker.runSuite(SuiteRunnerWorker.java:52)
	at org.testng.SuiteRunnerWorker.run(SuiteRunnerWorker.java:86)
	at org.testng.TestNG.runSuitesSequentially(TestNG.java:1225)
	at org.testng.TestNG.runSuitesLocally(TestNG.java:1150)
	at org.testng.TestNG.runSuites(TestNG.java:1075)
	at org.testng.TestNG.run(TestNG.java:1047)
	at org.testng.remote.AbstractRemoteTestNG.run(AbstractRemoteTestNG.java:126)
	at org.testng.remote.RemoteTestNG.initAndRun(RemoteTestNG.java:137)
	at org.testng.remote.RemoteTestNG.main(RemoteTestNG.java:58)
Caused by: java.lang.ClassCastException: com.google.common.collect.Maps$TransformedEntriesMap cannot be cast to org.openqa.selenium.WebElement
	at org.openqa.selenium.remote.RemoteWebDriver.findElement(RemoteWebDriver.java:373)
	... 36 more
]]>
    </error>
  </testcase> <!-- StockIN_without_QA -->
  <testcase name="testCycleCountForm" time="0.001" classname="krawler.erp.testCases.Inventory.InventoryModule">
    <error type="org.openqa.selenium.WebDriverException" message="Returned value cannot be converted to WebElement: {stacktrace=Backtrace:
	Ordinal0 [0x00E7A903+1550595]
	Ordinal0 [0x00DFA701+1025793]
	Ordinal0 [0x00D7C58E+509326]
	Ordinal0 [0x00D10FB9+69561]
	Ordinal0 [0x00D28DD7+167383]
	Ordinal0 [0x00D277F2+161778]
	Ordinal0 [0x00D273CA+160714]
	Ordinal0 [0x00D0221E+8734]
	Ordinal0 [0x00D02606+9734]
	Ordinal0 [0x00D02C80+11392]
	Ordinal0 [0x00E142C7+1131207]
	GetHandleVerifier [0x00F170FD+523789]
	GetHandleVerifier [0x00F16E90+523168]
	GetHandleVerifier [0x00F1E1E7+552695]
	GetHandleVerifier [0x00F178FA+525834]
	Ordinal0 [0x00E0B7FC+1095676]
	Ordinal0 [0x00D02053+8275]
	Ordinal0 [0x00D01DA7+7591]
	GetHandleVerifier [0x0127A3BC+4075724]
	BaseThreadInitThunk [0x7648FA29+25]
	RtlGetAppContainerNamedObjectPath [0x77C47A4E+286]
	RtlGetAppContainerNamedObjectPath [0x77C47A1E+238]
, error=invalid session id, message=invalid session id}
Build info: version: &#039;3.0.1&#039;, revision: &#039;1969d75&#039;, time: &#039;2016-10-18 09:49:13 -0700&#039;
System info: host: &#039;DESKTOP-O2IJE2R&#039;, ip: &#039;192.168.43.19&#039;, os.name: &#039;Windows 10&#039;, os.arch: &#039;amd64&#039;, os.version: &#039;10.0&#039;, java.version: &#039;1.8.0_131&#039;
Driver info: driver.version: RemoteWebDriver">
      <![CDATA[org.openqa.selenium.WebDriverException: Returned value cannot be converted to WebElement: {stacktrace=Backtrace:
	Ordinal0 [0x00E7A903+1550595]
	Ordinal0 [0x00DFA701+1025793]
	Ordinal0 [0x00D7C58E+509326]
	Ordinal0 [0x00D10FB9+69561]
	Ordinal0 [0x00D28DD7+167383]
	Ordinal0 [0x00D277F2+161778]
	Ordinal0 [0x00D273CA+160714]
	Ordinal0 [0x00D0221E+8734]
	Ordinal0 [0x00D02606+9734]
	Ordinal0 [0x00D02C80+11392]
	Ordinal0 [0x00E142C7+1131207]
	GetHandleVerifier [0x00F170FD+523789]
	GetHandleVerifier [0x00F16E90+523168]
	GetHandleVerifier [0x00F1E1E7+552695]
	GetHandleVerifier [0x00F178FA+525834]
	Ordinal0 [0x00E0B7FC+1095676]
	Ordinal0 [0x00D02053+8275]
	Ordinal0 [0x00D01DA7+7591]
	GetHandleVerifier [0x0127A3BC+4075724]
	BaseThreadInitThunk [0x7648FA29+25]
	RtlGetAppContainerNamedObjectPath [0x77C47A4E+286]
	RtlGetAppContainerNamedObjectPath [0x77C47A1E+238]
, error=invalid session id, message=invalid session id}
Build info: version: '3.0.1', revision: '1969d75', time: '2016-10-18 09:49:13 -0700'
System info: host: 'DESKTOP-O2IJE2R', ip: '192.168.43.19', os.name: 'Windows 10', os.arch: 'amd64', os.version: '10.0', java.version: '1.8.0_131'
Driver info: driver.version: RemoteWebDriver
	at org.openqa.selenium.remote.RemoteWebDriver.findElement(RemoteWebDriver.java:375)
	at org.openqa.selenium.remote.RemoteWebDriver.findElementByXPath(RemoteWebDriver.java:473)
	at org.openqa.selenium.By$ByXPath.findElement(By.java:361)
	at org.openqa.selenium.remote.RemoteWebDriver.findElement(RemoteWebDriver.java:360)
	at org.openqa.selenium.support.ui.ExpectedConditions.findElement(ExpectedConditions.java:895)
	at org.openqa.selenium.support.ui.ExpectedConditions.access$000(ExpectedConditions.java:41)
	at org.openqa.selenium.support.ui.ExpectedConditions$7.apply(ExpectedConditions.java:205)
	at org.openqa.selenium.support.ui.ExpectedConditions$7.apply(ExpectedConditions.java:201)
	at org.openqa.selenium.support.ui.ExpectedConditions$22.apply(ExpectedConditions.java:651)
	at org.openqa.selenium.support.ui.ExpectedConditions$22.apply(ExpectedConditions.java:644)
	at org.openqa.selenium.support.ui.FluentWait.until(FluentWait.java:238)
	at krawler.erp.page.Utilities.enterTextNormalBox(Utilities.java:340)
	at krawler.erp.page.Login.loginERP(Login.java:25)
	at krawler.erp.testCases.Inventory.BaseSetUp.beforeTestLogin(BaseSetUp.java:37)
	at sun.reflect.NativeMethodAccessorImpl.invoke0(Native Method)
	at sun.reflect.NativeMethodAccessorImpl.invoke(Unknown Source)
	at sun.reflect.DelegatingMethodAccessorImpl.invoke(Unknown Source)
	at java.lang.reflect.Method.invoke(Unknown Source)
	at org.testng.internal.MethodInvocationHelper.invokeMethod(MethodInvocationHelper.java:86)
	at org.testng.internal.Invoker.invokeConfigurationMethod(Invoker.java:515)
	at org.testng.internal.Invoker.invokeConfigurations(Invoker.java:216)
	at org.testng.internal.Invoker.invokeConfigurations(Invoker.java:143)
	at org.testng.TestRunner.beforeRun(TestRunner.java:656)
	at org.testng.TestRunner.run(TestRunner.java:624)
	at org.testng.SuiteRunner.runTest(SuiteRunner.java:366)
	at org.testng.SuiteRunner.runSequentially(SuiteRunner.java:361)
	at org.testng.SuiteRunner.privateRun(SuiteRunner.java:319)
	at org.testng.SuiteRunner.run(SuiteRunner.java:268)
	at org.testng.SuiteRunnerWorker.runSuite(SuiteRunnerWorker.java:52)
	at org.testng.SuiteRunnerWorker.run(SuiteRunnerWorker.java:86)
	at org.testng.TestNG.runSuitesSequentially(TestNG.java:1225)
	at org.testng.TestNG.runSuitesLocally(TestNG.java:1150)
	at org.testng.TestNG.runSuites(TestNG.java:1075)
	at org.testng.TestNG.run(TestNG.java:1047)
	at org.testng.remote.AbstractRemoteTestNG.run(AbstractRemoteTestNG.java:126)
	at org.testng.remote.RemoteTestNG.initAndRun(RemoteTestNG.java:137)
	at org.testng.remote.RemoteTestNG.main(RemoteTestNG.java:58)
Caused by: java.lang.ClassCastException: com.google.common.collect.Maps$TransformedEntriesMap cannot be cast to org.openqa.selenium.WebElement
	at org.openqa.selenium.remote.RemoteWebDriver.findElement(RemoteWebDriver.java:373)
	... 36 more
]]>
    </error>
  </testcase> <!-- testCycleCountForm -->
  <testcase name="Create_INV_NormalProduct" time="0.001" classname="krawler.erp.testCases.Inventory.InventoryModule">
    <error type="org.openqa.selenium.WebDriverException" message="Returned value cannot be converted to WebElement: {stacktrace=Backtrace:
	Ordinal0 [0x00E7A903+1550595]
	Ordinal0 [0x00DFA701+1025793]
	Ordinal0 [0x00D7C58E+509326]
	Ordinal0 [0x00D10FB9+69561]
	Ordinal0 [0x00D28DD7+167383]
	Ordinal0 [0x00D277F2+161778]
	Ordinal0 [0x00D273CA+160714]
	Ordinal0 [0x00D0221E+8734]
	Ordinal0 [0x00D02606+9734]
	Ordinal0 [0x00D02C80+11392]
	Ordinal0 [0x00E142C7+1131207]
	GetHandleVerifier [0x00F170FD+523789]
	GetHandleVerifier [0x00F16E90+523168]
	GetHandleVerifier [0x00F1E1E7+552695]
	GetHandleVerifier [0x00F178FA+525834]
	Ordinal0 [0x00E0B7FC+1095676]
	Ordinal0 [0x00D02053+8275]
	Ordinal0 [0x00D01DA7+7591]
	GetHandleVerifier [0x0127A3BC+4075724]
	BaseThreadInitThunk [0x7648FA29+25]
	RtlGetAppContainerNamedObjectPath [0x77C47A4E+286]
	RtlGetAppContainerNamedObjectPath [0x77C47A1E+238]
, error=invalid session id, message=invalid session id}
Build info: version: &#039;3.0.1&#039;, revision: &#039;1969d75&#039;, time: &#039;2016-10-18 09:49:13 -0700&#039;
System info: host: &#039;DESKTOP-O2IJE2R&#039;, ip: &#039;192.168.43.19&#039;, os.name: &#039;Windows 10&#039;, os.arch: &#039;amd64&#039;, os.version: &#039;10.0&#039;, java.version: &#039;1.8.0_131&#039;
Driver info: driver.version: RemoteWebDriver">
      <![CDATA[org.openqa.selenium.WebDriverException: Returned value cannot be converted to WebElement: {stacktrace=Backtrace:
	Ordinal0 [0x00E7A903+1550595]
	Ordinal0 [0x00DFA701+1025793]
	Ordinal0 [0x00D7C58E+509326]
	Ordinal0 [0x00D10FB9+69561]
	Ordinal0 [0x00D28DD7+167383]
	Ordinal0 [0x00D277F2+161778]
	Ordinal0 [0x00D273CA+160714]
	Ordinal0 [0x00D0221E+8734]
	Ordinal0 [0x00D02606+9734]
	Ordinal0 [0x00D02C80+11392]
	Ordinal0 [0x00E142C7+1131207]
	GetHandleVerifier [0x00F170FD+523789]
	GetHandleVerifier [0x00F16E90+523168]
	GetHandleVerifier [0x00F1E1E7+552695]
	GetHandleVerifier [0x00F178FA+525834]
	Ordinal0 [0x00E0B7FC+1095676]
	Ordinal0 [0x00D02053+8275]
	Ordinal0 [0x00D01DA7+7591]
	GetHandleVerifier [0x0127A3BC+4075724]
	BaseThreadInitThunk [0x7648FA29+25]
	RtlGetAppContainerNamedObjectPath [0x77C47A4E+286]
	RtlGetAppContainerNamedObjectPath [0x77C47A1E+238]
, error=invalid session id, message=invalid session id}
Build info: version: '3.0.1', revision: '1969d75', time: '2016-10-18 09:49:13 -0700'
System info: host: 'DESKTOP-O2IJE2R', ip: '192.168.43.19', os.name: 'Windows 10', os.arch: 'amd64', os.version: '10.0', java.version: '1.8.0_131'
Driver info: driver.version: RemoteWebDriver
	at org.openqa.selenium.remote.RemoteWebDriver.findElement(RemoteWebDriver.java:375)
	at org.openqa.selenium.remote.RemoteWebDriver.findElementByXPath(RemoteWebDriver.java:473)
	at org.openqa.selenium.By$ByXPath.findElement(By.java:361)
	at org.openqa.selenium.remote.RemoteWebDriver.findElement(RemoteWebDriver.java:360)
	at org.openqa.selenium.support.ui.ExpectedConditions.findElement(ExpectedConditions.java:895)
	at org.openqa.selenium.support.ui.ExpectedConditions.access$000(ExpectedConditions.java:41)
	at org.openqa.selenium.support.ui.ExpectedConditions$7.apply(ExpectedConditions.java:205)
	at org.openqa.selenium.support.ui.ExpectedConditions$7.apply(ExpectedConditions.java:201)
	at org.openqa.selenium.support.ui.ExpectedConditions$22.apply(ExpectedConditions.java:651)
	at org.openqa.selenium.support.ui.ExpectedConditions$22.apply(ExpectedConditions.java:644)
	at org.openqa.selenium.support.ui.FluentWait.until(FluentWait.java:238)
	at krawler.erp.page.Utilities.enterTextNormalBox(Utilities.java:340)
	at krawler.erp.page.Login.loginERP(Login.java:25)
	at krawler.erp.testCases.Inventory.BaseSetUp.beforeTestLogin(BaseSetUp.java:37)
	at sun.reflect.NativeMethodAccessorImpl.invoke0(Native Method)
	at sun.reflect.NativeMethodAccessorImpl.invoke(Unknown Source)
	at sun.reflect.DelegatingMethodAccessorImpl.invoke(Unknown Source)
	at java.lang.reflect.Method.invoke(Unknown Source)
	at org.testng.internal.MethodInvocationHelper.invokeMethod(MethodInvocationHelper.java:86)
	at org.testng.internal.Invoker.invokeConfigurationMethod(Invoker.java:515)
	at org.testng.internal.Invoker.invokeConfigurations(Invoker.java:216)
	at org.testng.internal.Invoker.invokeConfigurations(Invoker.java:143)
	at org.testng.TestRunner.beforeRun(TestRunner.java:656)
	at org.testng.TestRunner.run(TestRunner.java:624)
	at org.testng.SuiteRunner.runTest(SuiteRunner.java:366)
	at org.testng.SuiteRunner.runSequentially(SuiteRunner.java:361)
	at org.testng.SuiteRunner.privateRun(SuiteRunner.java:319)
	at org.testng.SuiteRunner.run(SuiteRunner.java:268)
	at org.testng.SuiteRunnerWorker.runSuite(SuiteRunnerWorker.java:52)
	at org.testng.SuiteRunnerWorker.run(SuiteRunnerWorker.java:86)
	at org.testng.TestNG.runSuitesSequentially(TestNG.java:1225)
	at org.testng.TestNG.runSuitesLocally(TestNG.java:1150)
	at org.testng.TestNG.runSuites(TestNG.java:1075)
	at org.testng.TestNG.run(TestNG.java:1047)
	at org.testng.remote.AbstractRemoteTestNG.run(AbstractRemoteTestNG.java:126)
	at org.testng.remote.RemoteTestNG.initAndRun(RemoteTestNG.java:137)
	at org.testng.remote.RemoteTestNG.main(RemoteTestNG.java:58)
Caused by: java.lang.ClassCastException: com.google.common.collect.Maps$TransformedEntriesMap cannot be cast to org.openqa.selenium.WebElement
	at org.openqa.selenium.remote.RemoteWebDriver.findElement(RemoteWebDriver.java:373)
	... 36 more
]]>
    </error>
  </testcase> <!-- Create_INV_NormalProduct -->
  <testcase name="validate_StockIssue" time="0.001" classname="krawler.erp.testCases.Inventory.InventoryModule">
    <error type="org.openqa.selenium.WebDriverException" message="Returned value cannot be converted to WebElement: {stacktrace=Backtrace:
	Ordinal0 [0x00E7A903+1550595]
	Ordinal0 [0x00DFA701+1025793]
	Ordinal0 [0x00D7C58E+509326]
	Ordinal0 [0x00D10FB9+69561]
	Ordinal0 [0x00D28DD7+167383]
	Ordinal0 [0x00D277F2+161778]
	Ordinal0 [0x00D273CA+160714]
	Ordinal0 [0x00D0221E+8734]
	Ordinal0 [0x00D02606+9734]
	Ordinal0 [0x00D02C80+11392]
	Ordinal0 [0x00E142C7+1131207]
	GetHandleVerifier [0x00F170FD+523789]
	GetHandleVerifier [0x00F16E90+523168]
	GetHandleVerifier [0x00F1E1E7+552695]
	GetHandleVerifier [0x00F178FA+525834]
	Ordinal0 [0x00E0B7FC+1095676]
	Ordinal0 [0x00D02053+8275]
	Ordinal0 [0x00D01DA7+7591]
	GetHandleVerifier [0x0127A3BC+4075724]
	BaseThreadInitThunk [0x7648FA29+25]
	RtlGetAppContainerNamedObjectPath [0x77C47A4E+286]
	RtlGetAppContainerNamedObjectPath [0x77C47A1E+238]
, error=invalid session id, message=invalid session id}
Build info: version: &#039;3.0.1&#039;, revision: &#039;1969d75&#039;, time: &#039;2016-10-18 09:49:13 -0700&#039;
System info: host: &#039;DESKTOP-O2IJE2R&#039;, ip: &#039;192.168.43.19&#039;, os.name: &#039;Windows 10&#039;, os.arch: &#039;amd64&#039;, os.version: &#039;10.0&#039;, java.version: &#039;1.8.0_131&#039;
Driver info: driver.version: RemoteWebDriver">
      <![CDATA[org.openqa.selenium.WebDriverException: Returned value cannot be converted to WebElement: {stacktrace=Backtrace:
	Ordinal0 [0x00E7A903+1550595]
	Ordinal0 [0x00DFA701+1025793]
	Ordinal0 [0x00D7C58E+509326]
	Ordinal0 [0x00D10FB9+69561]
	Ordinal0 [0x00D28DD7+167383]
	Ordinal0 [0x00D277F2+161778]
	Ordinal0 [0x00D273CA+160714]
	Ordinal0 [0x00D0221E+8734]
	Ordinal0 [0x00D02606+9734]
	Ordinal0 [0x00D02C80+11392]
	Ordinal0 [0x00E142C7+1131207]
	GetHandleVerifier [0x00F170FD+523789]
	GetHandleVerifier [0x00F16E90+523168]
	GetHandleVerifier [0x00F1E1E7+552695]
	GetHandleVerifier [0x00F178FA+525834]
	Ordinal0 [0x00E0B7FC+1095676]
	Ordinal0 [0x00D02053+8275]
	Ordinal0 [0x00D01DA7+7591]
	GetHandleVerifier [0x0127A3BC+4075724]
	BaseThreadInitThunk [0x7648FA29+25]
	RtlGetAppContainerNamedObjectPath [0x77C47A4E+286]
	RtlGetAppContainerNamedObjectPath [0x77C47A1E+238]
, error=invalid session id, message=invalid session id}
Build info: version: '3.0.1', revision: '1969d75', time: '2016-10-18 09:49:13 -0700'
System info: host: 'DESKTOP-O2IJE2R', ip: '192.168.43.19', os.name: 'Windows 10', os.arch: 'amd64', os.version: '10.0', java.version: '1.8.0_131'
Driver info: driver.version: RemoteWebDriver
	at org.openqa.selenium.remote.RemoteWebDriver.findElement(RemoteWebDriver.java:375)
	at org.openqa.selenium.remote.RemoteWebDriver.findElementByXPath(RemoteWebDriver.java:473)
	at org.openqa.selenium.By$ByXPath.findElement(By.java:361)
	at org.openqa.selenium.remote.RemoteWebDriver.findElement(RemoteWebDriver.java:360)
	at org.openqa.selenium.support.ui.ExpectedConditions.findElement(ExpectedConditions.java:895)
	at org.openqa.selenium.support.ui.ExpectedConditions.access$000(ExpectedConditions.java:41)
	at org.openqa.selenium.support.ui.ExpectedConditions$7.apply(ExpectedConditions.java:205)
	at org.openqa.selenium.support.ui.ExpectedConditions$7.apply(ExpectedConditions.java:201)
	at org.openqa.selenium.support.ui.ExpectedConditions$22.apply(ExpectedConditions.java:651)
	at org.openqa.selenium.support.ui.ExpectedConditions$22.apply(ExpectedConditions.java:644)
	at org.openqa.selenium.support.ui.FluentWait.until(FluentWait.java:238)
	at krawler.erp.page.Utilities.enterTextNormalBox(Utilities.java:340)
	at krawler.erp.page.Login.loginERP(Login.java:25)
	at krawler.erp.testCases.Inventory.BaseSetUp.beforeTestLogin(BaseSetUp.java:37)
	at sun.reflect.NativeMethodAccessorImpl.invoke0(Native Method)
	at sun.reflect.NativeMethodAccessorImpl.invoke(Unknown Source)
	at sun.reflect.DelegatingMethodAccessorImpl.invoke(Unknown Source)
	at java.lang.reflect.Method.invoke(Unknown Source)
	at org.testng.internal.MethodInvocationHelper.invokeMethod(MethodInvocationHelper.java:86)
	at org.testng.internal.Invoker.invokeConfigurationMethod(Invoker.java:515)
	at org.testng.internal.Invoker.invokeConfigurations(Invoker.java:216)
	at org.testng.internal.Invoker.invokeConfigurations(Invoker.java:143)
	at org.testng.TestRunner.beforeRun(TestRunner.java:656)
	at org.testng.TestRunner.run(TestRunner.java:624)
	at org.testng.SuiteRunner.runTest(SuiteRunner.java:366)
	at org.testng.SuiteRunner.runSequentially(SuiteRunner.java:361)
	at org.testng.SuiteRunner.privateRun(SuiteRunner.java:319)
	at org.testng.SuiteRunner.run(SuiteRunner.java:268)
	at org.testng.SuiteRunnerWorker.runSuite(SuiteRunnerWorker.java:52)
	at org.testng.SuiteRunnerWorker.run(SuiteRunnerWorker.java:86)
	at org.testng.TestNG.runSuitesSequentially(TestNG.java:1225)
	at org.testng.TestNG.runSuitesLocally(TestNG.java:1150)
	at org.testng.TestNG.runSuites(TestNG.java:1075)
	at org.testng.TestNG.run(TestNG.java:1047)
	at org.testng.remote.AbstractRemoteTestNG.run(AbstractRemoteTestNG.java:126)
	at org.testng.remote.RemoteTestNG.initAndRun(RemoteTestNG.java:137)
	at org.testng.remote.RemoteTestNG.main(RemoteTestNG.java:58)
Caused by: java.lang.ClassCastException: com.google.common.collect.Maps$TransformedEntriesMap cannot be cast to org.openqa.selenium.WebElement
	at org.openqa.selenium.remote.RemoteWebDriver.findElement(RemoteWebDriver.java:373)
	... 36 more
]]>
    </error>
  </testcase> <!-- validate_StockIssue -->
  <testcase name="Create_ERP_NormalProduct" time="0.001" classname="krawler.erp.testCases.Inventory.InventoryModule">
    <error type="org.openqa.selenium.WebDriverException" message="Returned value cannot be converted to WebElement: {stacktrace=Backtrace:
	Ordinal0 [0x00E7A903+1550595]
	Ordinal0 [0x00DFA701+1025793]
	Ordinal0 [0x00D7C58E+509326]
	Ordinal0 [0x00D10FB9+69561]
	Ordinal0 [0x00D28DD7+167383]
	Ordinal0 [0x00D277F2+161778]
	Ordinal0 [0x00D273CA+160714]
	Ordinal0 [0x00D0221E+8734]
	Ordinal0 [0x00D02606+9734]
	Ordinal0 [0x00D02C80+11392]
	Ordinal0 [0x00E142C7+1131207]
	GetHandleVerifier [0x00F170FD+523789]
	GetHandleVerifier [0x00F16E90+523168]
	GetHandleVerifier [0x00F1E1E7+552695]
	GetHandleVerifier [0x00F178FA+525834]
	Ordinal0 [0x00E0B7FC+1095676]
	Ordinal0 [0x00D02053+8275]
	Ordinal0 [0x00D01DA7+7591]
	GetHandleVerifier [0x0127A3BC+4075724]
	BaseThreadInitThunk [0x7648FA29+25]
	RtlGetAppContainerNamedObjectPath [0x77C47A4E+286]
	RtlGetAppContainerNamedObjectPath [0x77C47A1E+238]
, error=invalid session id, message=invalid session id}
Build info: version: &#039;3.0.1&#039;, revision: &#039;1969d75&#039;, time: &#039;2016-10-18 09:49:13 -0700&#039;
System info: host: &#039;DESKTOP-O2IJE2R&#039;, ip: &#039;192.168.43.19&#039;, os.name: &#039;Windows 10&#039;, os.arch: &#039;amd64&#039;, os.version: &#039;10.0&#039;, java.version: &#039;1.8.0_131&#039;
Driver info: driver.version: RemoteWebDriver">
      <![CDATA[org.openqa.selenium.WebDriverException: Returned value cannot be converted to WebElement: {stacktrace=Backtrace:
	Ordinal0 [0x00E7A903+1550595]
	Ordinal0 [0x00DFA701+1025793]
	Ordinal0 [0x00D7C58E+509326]
	Ordinal0 [0x00D10FB9+69561]
	Ordinal0 [0x00D28DD7+167383]
	Ordinal0 [0x00D277F2+161778]
	Ordinal0 [0x00D273CA+160714]
	Ordinal0 [0x00D0221E+8734]
	Ordinal0 [0x00D02606+9734]
	Ordinal0 [0x00D02C80+11392]
	Ordinal0 [0x00E142C7+1131207]
	GetHandleVerifier [0x00F170FD+523789]
	GetHandleVerifier [0x00F16E90+523168]
	GetHandleVerifier [0x00F1E1E7+552695]
	GetHandleVerifier [0x00F178FA+525834]
	Ordinal0 [0x00E0B7FC+1095676]
	Ordinal0 [0x00D02053+8275]
	Ordinal0 [0x00D01DA7+7591]
	GetHandleVerifier [0x0127A3BC+4075724]
	BaseThreadInitThunk [0x7648FA29+25]
	RtlGetAppContainerNamedObjectPath [0x77C47A4E+286]
	RtlGetAppContainerNamedObjectPath [0x77C47A1E+238]
, error=invalid session id, message=invalid session id}
Build info: version: '3.0.1', revision: '1969d75', time: '2016-10-18 09:49:13 -0700'
System info: host: 'DESKTOP-O2IJE2R', ip: '192.168.43.19', os.name: 'Windows 10', os.arch: 'amd64', os.version: '10.0', java.version: '1.8.0_131'
Driver info: driver.version: RemoteWebDriver
	at org.openqa.selenium.remote.RemoteWebDriver.findElement(RemoteWebDriver.java:375)
	at org.openqa.selenium.remote.RemoteWebDriver.findElementByXPath(RemoteWebDriver.java:473)
	at org.openqa.selenium.By$ByXPath.findElement(By.java:361)
	at org.openqa.selenium.remote.RemoteWebDriver.findElement(RemoteWebDriver.java:360)
	at org.openqa.selenium.support.ui.ExpectedConditions.findElement(ExpectedConditions.java:895)
	at org.openqa.selenium.support.ui.ExpectedConditions.access$000(ExpectedConditions.java:41)
	at org.openqa.selenium.support.ui.ExpectedConditions$7.apply(ExpectedConditions.java:205)
	at org.openqa.selenium.support.ui.ExpectedConditions$7.apply(ExpectedConditions.java:201)
	at org.openqa.selenium.support.ui.ExpectedConditions$22.apply(ExpectedConditions.java:651)
	at org.openqa.selenium.support.ui.ExpectedConditions$22.apply(ExpectedConditions.java:644)
	at org.openqa.selenium.support.ui.FluentWait.until(FluentWait.java:238)
	at krawler.erp.page.Utilities.enterTextNormalBox(Utilities.java:340)
	at krawler.erp.page.Login.loginERP(Login.java:25)
	at krawler.erp.testCases.Inventory.BaseSetUp.beforeTestLogin(BaseSetUp.java:37)
	at sun.reflect.NativeMethodAccessorImpl.invoke0(Native Method)
	at sun.reflect.NativeMethodAccessorImpl.invoke(Unknown Source)
	at sun.reflect.DelegatingMethodAccessorImpl.invoke(Unknown Source)
	at java.lang.reflect.Method.invoke(Unknown Source)
	at org.testng.internal.MethodInvocationHelper.invokeMethod(MethodInvocationHelper.java:86)
	at org.testng.internal.Invoker.invokeConfigurationMethod(Invoker.java:515)
	at org.testng.internal.Invoker.invokeConfigurations(Invoker.java:216)
	at org.testng.internal.Invoker.invokeConfigurations(Invoker.java:143)
	at org.testng.TestRunner.beforeRun(TestRunner.java:656)
	at org.testng.TestRunner.run(TestRunner.java:624)
	at org.testng.SuiteRunner.runTest(SuiteRunner.java:366)
	at org.testng.SuiteRunner.runSequentially(SuiteRunner.java:361)
	at org.testng.SuiteRunner.privateRun(SuiteRunner.java:319)
	at org.testng.SuiteRunner.run(SuiteRunner.java:268)
	at org.testng.SuiteRunnerWorker.runSuite(SuiteRunnerWorker.java:52)
	at org.testng.SuiteRunnerWorker.run(SuiteRunnerWorker.java:86)
	at org.testng.TestNG.runSuitesSequentially(TestNG.java:1225)
	at org.testng.TestNG.runSuitesLocally(TestNG.java:1150)
	at org.testng.TestNG.runSuites(TestNG.java:1075)
	at org.testng.TestNG.run(TestNG.java:1047)
	at org.testng.remote.AbstractRemoteTestNG.run(AbstractRemoteTestNG.java:126)
	at org.testng.remote.RemoteTestNG.initAndRun(RemoteTestNG.java:137)
	at org.testng.remote.RemoteTestNG.main(RemoteTestNG.java:58)
Caused by: java.lang.ClassCastException: com.google.common.collect.Maps$TransformedEntriesMap cannot be cast to org.openqa.selenium.WebElement
	at org.openqa.selenium.remote.RemoteWebDriver.findElement(RemoteWebDriver.java:373)
	... 36 more
]]>
    </error>
  </testcase> <!-- Create_ERP_NormalProduct -->
  <testcase name="customerMaster" time="0.001" classname="krawler.erp.testCases.Inventory.InventoryModule">
    <error type="org.openqa.selenium.WebDriverException" message="Returned value cannot be converted to WebElement: {stacktrace=Backtrace:
	Ordinal0 [0x00E7A903+1550595]
	Ordinal0 [0x00DFA701+1025793]
	Ordinal0 [0x00D7C58E+509326]
	Ordinal0 [0x00D10FB9+69561]
	Ordinal0 [0x00D28DD7+167383]
	Ordinal0 [0x00D277F2+161778]
	Ordinal0 [0x00D273CA+160714]
	Ordinal0 [0x00D0221E+8734]
	Ordinal0 [0x00D02606+9734]
	Ordinal0 [0x00D02C80+11392]
	Ordinal0 [0x00E142C7+1131207]
	GetHandleVerifier [0x00F170FD+523789]
	GetHandleVerifier [0x00F16E90+523168]
	GetHandleVerifier [0x00F1E1E7+552695]
	GetHandleVerifier [0x00F178FA+525834]
	Ordinal0 [0x00E0B7FC+1095676]
	Ordinal0 [0x00D02053+8275]
	Ordinal0 [0x00D01DA7+7591]
	GetHandleVerifier [0x0127A3BC+4075724]
	BaseThreadInitThunk [0x7648FA29+25]
	RtlGetAppContainerNamedObjectPath [0x77C47A4E+286]
	RtlGetAppContainerNamedObjectPath [0x77C47A1E+238]
, error=invalid session id, message=invalid session id}
Build info: version: &#039;3.0.1&#039;, revision: &#039;1969d75&#039;, time: &#039;2016-10-18 09:49:13 -0700&#039;
System info: host: &#039;DESKTOP-O2IJE2R&#039;, ip: &#039;192.168.43.19&#039;, os.name: &#039;Windows 10&#039;, os.arch: &#039;amd64&#039;, os.version: &#039;10.0&#039;, java.version: &#039;1.8.0_131&#039;
Driver info: driver.version: RemoteWebDriver">
      <![CDATA[org.openqa.selenium.WebDriverException: Returned value cannot be converted to WebElement: {stacktrace=Backtrace:
	Ordinal0 [0x00E7A903+1550595]
	Ordinal0 [0x00DFA701+1025793]
	Ordinal0 [0x00D7C58E+509326]
	Ordinal0 [0x00D10FB9+69561]
	Ordinal0 [0x00D28DD7+167383]
	Ordinal0 [0x00D277F2+161778]
	Ordinal0 [0x00D273CA+160714]
	Ordinal0 [0x00D0221E+8734]
	Ordinal0 [0x00D02606+9734]
	Ordinal0 [0x00D02C80+11392]
	Ordinal0 [0x00E142C7+1131207]
	GetHandleVerifier [0x00F170FD+523789]
	GetHandleVerifier [0x00F16E90+523168]
	GetHandleVerifier [0x00F1E1E7+552695]
	GetHandleVerifier [0x00F178FA+525834]
	Ordinal0 [0x00E0B7FC+1095676]
	Ordinal0 [0x00D02053+8275]
	Ordinal0 [0x00D01DA7+7591]
	GetHandleVerifier [0x0127A3BC+4075724]
	BaseThreadInitThunk [0x7648FA29+25]
	RtlGetAppContainerNamedObjectPath [0x77C47A4E+286]
	RtlGetAppContainerNamedObjectPath [0x77C47A1E+238]
, error=invalid session id, message=invalid session id}
Build info: version: '3.0.1', revision: '1969d75', time: '2016-10-18 09:49:13 -0700'
System info: host: 'DESKTOP-O2IJE2R', ip: '192.168.43.19', os.name: 'Windows 10', os.arch: 'amd64', os.version: '10.0', java.version: '1.8.0_131'
Driver info: driver.version: RemoteWebDriver
	at org.openqa.selenium.remote.RemoteWebDriver.findElement(RemoteWebDriver.java:375)
	at org.openqa.selenium.remote.RemoteWebDriver.findElementByXPath(RemoteWebDriver.java:473)
	at org.openqa.selenium.By$ByXPath.findElement(By.java:361)
	at org.openqa.selenium.remote.RemoteWebDriver.findElement(RemoteWebDriver.java:360)
	at org.openqa.selenium.support.ui.ExpectedConditions.findElement(ExpectedConditions.java:895)
	at org.openqa.selenium.support.ui.ExpectedConditions.access$000(ExpectedConditions.java:41)
	at org.openqa.selenium.support.ui.ExpectedConditions$7.apply(ExpectedConditions.java:205)
	at org.openqa.selenium.support.ui.ExpectedConditions$7.apply(ExpectedConditions.java:201)
	at org.openqa.selenium.support.ui.ExpectedConditions$22.apply(ExpectedConditions.java:651)
	at org.openqa.selenium.support.ui.ExpectedConditions$22.apply(ExpectedConditions.java:644)
	at org.openqa.selenium.support.ui.FluentWait.until(FluentWait.java:238)
	at krawler.erp.page.Utilities.enterTextNormalBox(Utilities.java:340)
	at krawler.erp.page.Login.loginERP(Login.java:25)
	at krawler.erp.testCases.Inventory.BaseSetUp.beforeTestLogin(BaseSetUp.java:37)
	at sun.reflect.NativeMethodAccessorImpl.invoke0(Native Method)
	at sun.reflect.NativeMethodAccessorImpl.invoke(Unknown Source)
	at sun.reflect.DelegatingMethodAccessorImpl.invoke(Unknown Source)
	at java.lang.reflect.Method.invoke(Unknown Source)
	at org.testng.internal.MethodInvocationHelper.invokeMethod(MethodInvocationHelper.java:86)
	at org.testng.internal.Invoker.invokeConfigurationMethod(Invoker.java:515)
	at org.testng.internal.Invoker.invokeConfigurations(Invoker.java:216)
	at org.testng.internal.Invoker.invokeConfigurations(Invoker.java:143)
	at org.testng.TestRunner.beforeRun(TestRunner.java:656)
	at org.testng.TestRunner.run(TestRunner.java:624)
	at org.testng.SuiteRunner.runTest(SuiteRunner.java:366)
	at org.testng.SuiteRunner.runSequentially(SuiteRunner.java:361)
	at org.testng.SuiteRunner.privateRun(SuiteRunner.java:319)
	at org.testng.SuiteRunner.run(SuiteRunner.java:268)
	at org.testng.SuiteRunnerWorker.runSuite(SuiteRunnerWorker.java:52)
	at org.testng.SuiteRunnerWorker.run(SuiteRunnerWorker.java:86)
	at org.testng.TestNG.runSuitesSequentially(TestNG.java:1225)
	at org.testng.TestNG.runSuitesLocally(TestNG.java:1150)
	at org.testng.TestNG.runSuites(TestNG.java:1075)
	at org.testng.TestNG.run(TestNG.java:1047)
	at org.testng.remote.AbstractRemoteTestNG.run(AbstractRemoteTestNG.java:126)
	at org.testng.remote.RemoteTestNG.initAndRun(RemoteTestNG.java:137)
	at org.testng.remote.RemoteTestNG.main(RemoteTestNG.java:58)
Caused by: java.lang.ClassCastException: com.google.common.collect.Maps$TransformedEntriesMap cannot be cast to org.openqa.selenium.WebElement
	at org.openqa.selenium.remote.RemoteWebDriver.findElement(RemoteWebDriver.java:373)
	... 36 more
]]>
    </error>
  </testcase> <!-- customerMaster -->
  <testcase name="create_StockIssue" time="0.001" classname="krawler.erp.testCases.Inventory.InventoryModule">
    <error type="org.openqa.selenium.WebDriverException" message="Returned value cannot be converted to WebElement: {stacktrace=Backtrace:
	Ordinal0 [0x00E7A903+1550595]
	Ordinal0 [0x00DFA701+1025793]
	Ordinal0 [0x00D7C58E+509326]
	Ordinal0 [0x00D10FB9+69561]
	Ordinal0 [0x00D28DD7+167383]
	Ordinal0 [0x00D277F2+161778]
	Ordinal0 [0x00D273CA+160714]
	Ordinal0 [0x00D0221E+8734]
	Ordinal0 [0x00D02606+9734]
	Ordinal0 [0x00D02C80+11392]
	Ordinal0 [0x00E142C7+1131207]
	GetHandleVerifier [0x00F170FD+523789]
	GetHandleVerifier [0x00F16E90+523168]
	GetHandleVerifier [0x00F1E1E7+552695]
	GetHandleVerifier [0x00F178FA+525834]
	Ordinal0 [0x00E0B7FC+1095676]
	Ordinal0 [0x00D02053+8275]
	Ordinal0 [0x00D01DA7+7591]
	GetHandleVerifier [0x0127A3BC+4075724]
	BaseThreadInitThunk [0x7648FA29+25]
	RtlGetAppContainerNamedObjectPath [0x77C47A4E+286]
	RtlGetAppContainerNamedObjectPath [0x77C47A1E+238]
, error=invalid session id, message=invalid session id}
Build info: version: &#039;3.0.1&#039;, revision: &#039;1969d75&#039;, time: &#039;2016-10-18 09:49:13 -0700&#039;
System info: host: &#039;DESKTOP-O2IJE2R&#039;, ip: &#039;192.168.43.19&#039;, os.name: &#039;Windows 10&#039;, os.arch: &#039;amd64&#039;, os.version: &#039;10.0&#039;, java.version: &#039;1.8.0_131&#039;
Driver info: driver.version: RemoteWebDriver">
      <![CDATA[org.openqa.selenium.WebDriverException: Returned value cannot be converted to WebElement: {stacktrace=Backtrace:
	Ordinal0 [0x00E7A903+1550595]
	Ordinal0 [0x00DFA701+1025793]
	Ordinal0 [0x00D7C58E+509326]
	Ordinal0 [0x00D10FB9+69561]
	Ordinal0 [0x00D28DD7+167383]
	Ordinal0 [0x00D277F2+161778]
	Ordinal0 [0x00D273CA+160714]
	Ordinal0 [0x00D0221E+8734]
	Ordinal0 [0x00D02606+9734]
	Ordinal0 [0x00D02C80+11392]
	Ordinal0 [0x00E142C7+1131207]
	GetHandleVerifier [0x00F170FD+523789]
	GetHandleVerifier [0x00F16E90+523168]
	GetHandleVerifier [0x00F1E1E7+552695]
	GetHandleVerifier [0x00F178FA+525834]
	Ordinal0 [0x00E0B7FC+1095676]
	Ordinal0 [0x00D02053+8275]
	Ordinal0 [0x00D01DA7+7591]
	GetHandleVerifier [0x0127A3BC+4075724]
	BaseThreadInitThunk [0x7648FA29+25]
	RtlGetAppContainerNamedObjectPath [0x77C47A4E+286]
	RtlGetAppContainerNamedObjectPath [0x77C47A1E+238]
, error=invalid session id, message=invalid session id}
Build info: version: '3.0.1', revision: '1969d75', time: '2016-10-18 09:49:13 -0700'
System info: host: 'DESKTOP-O2IJE2R', ip: '192.168.43.19', os.name: 'Windows 10', os.arch: 'amd64', os.version: '10.0', java.version: '1.8.0_131'
Driver info: driver.version: RemoteWebDriver
	at org.openqa.selenium.remote.RemoteWebDriver.findElement(RemoteWebDriver.java:375)
	at org.openqa.selenium.remote.RemoteWebDriver.findElementByXPath(RemoteWebDriver.java:473)
	at org.openqa.selenium.By$ByXPath.findElement(By.java:361)
	at org.openqa.selenium.remote.RemoteWebDriver.findElement(RemoteWebDriver.java:360)
	at org.openqa.selenium.support.ui.ExpectedConditions.findElement(ExpectedConditions.java:895)
	at org.openqa.selenium.support.ui.ExpectedConditions.access$000(ExpectedConditions.java:41)
	at org.openqa.selenium.support.ui.ExpectedConditions$7.apply(ExpectedConditions.java:205)
	at org.openqa.selenium.support.ui.ExpectedConditions$7.apply(ExpectedConditions.java:201)
	at org.openqa.selenium.support.ui.ExpectedConditions$22.apply(ExpectedConditions.java:651)
	at org.openqa.selenium.support.ui.ExpectedConditions$22.apply(ExpectedConditions.java:644)
	at org.openqa.selenium.support.ui.FluentWait.until(FluentWait.java:238)
	at krawler.erp.page.Utilities.enterTextNormalBox(Utilities.java:340)
	at krawler.erp.page.Login.loginERP(Login.java:25)
	at krawler.erp.testCases.Inventory.BaseSetUp.beforeTestLogin(BaseSetUp.java:37)
	at sun.reflect.NativeMethodAccessorImpl.invoke0(Native Method)
	at sun.reflect.NativeMethodAccessorImpl.invoke(Unknown Source)
	at sun.reflect.DelegatingMethodAccessorImpl.invoke(Unknown Source)
	at java.lang.reflect.Method.invoke(Unknown Source)
	at org.testng.internal.MethodInvocationHelper.invokeMethod(MethodInvocationHelper.java:86)
	at org.testng.internal.Invoker.invokeConfigurationMethod(Invoker.java:515)
	at org.testng.internal.Invoker.invokeConfigurations(Invoker.java:216)
	at org.testng.internal.Invoker.invokeConfigurations(Invoker.java:143)
	at org.testng.TestRunner.beforeRun(TestRunner.java:656)
	at org.testng.TestRunner.run(TestRunner.java:624)
	at org.testng.SuiteRunner.runTest(SuiteRunner.java:366)
	at org.testng.SuiteRunner.runSequentially(SuiteRunner.java:361)
	at org.testng.SuiteRunner.privateRun(SuiteRunner.java:319)
	at org.testng.SuiteRunner.run(SuiteRunner.java:268)
	at org.testng.SuiteRunnerWorker.runSuite(SuiteRunnerWorker.java:52)
	at org.testng.SuiteRunnerWorker.run(SuiteRunnerWorker.java:86)
	at org.testng.TestNG.runSuitesSequentially(TestNG.java:1225)
	at org.testng.TestNG.runSuitesLocally(TestNG.java:1150)
	at org.testng.TestNG.runSuites(TestNG.java:1075)
	at org.testng.TestNG.run(TestNG.java:1047)
	at org.testng.remote.AbstractRemoteTestNG.run(AbstractRemoteTestNG.java:126)
	at org.testng.remote.RemoteTestNG.initAndRun(RemoteTestNG.java:137)
	at org.testng.remote.RemoteTestNG.main(RemoteTestNG.java:58)
Caused by: java.lang.ClassCastException: com.google.common.collect.Maps$TransformedEntriesMap cannot be cast to org.openqa.selenium.WebElement
	at org.openqa.selenium.remote.RemoteWebDriver.findElement(RemoteWebDriver.java:373)
	... 36 more
]]>
    </error>
  </testcase> <!-- create_StockIssue -->
  <testcase name="testCycleCountCalendar" time="0.001" classname="krawler.erp.testCases.Inventory.InventoryModule">
    <error type="org.openqa.selenium.WebDriverException" message="Returned value cannot be converted to WebElement: {stacktrace=Backtrace:
	Ordinal0 [0x00E7A903+1550595]
	Ordinal0 [0x00DFA701+1025793]
	Ordinal0 [0x00D7C58E+509326]
	Ordinal0 [0x00D10FB9+69561]
	Ordinal0 [0x00D28DD7+167383]
	Ordinal0 [0x00D277F2+161778]
	Ordinal0 [0x00D273CA+160714]
	Ordinal0 [0x00D0221E+8734]
	Ordinal0 [0x00D02606+9734]
	Ordinal0 [0x00D02C80+11392]
	Ordinal0 [0x00E142C7+1131207]
	GetHandleVerifier [0x00F170FD+523789]
	GetHandleVerifier [0x00F16E90+523168]
	GetHandleVerifier [0x00F1E1E7+552695]
	GetHandleVerifier [0x00F178FA+525834]
	Ordinal0 [0x00E0B7FC+1095676]
	Ordinal0 [0x00D02053+8275]
	Ordinal0 [0x00D01DA7+7591]
	GetHandleVerifier [0x0127A3BC+4075724]
	BaseThreadInitThunk [0x7648FA29+25]
	RtlGetAppContainerNamedObjectPath [0x77C47A4E+286]
	RtlGetAppContainerNamedObjectPath [0x77C47A1E+238]
, error=invalid session id, message=invalid session id}
Build info: version: &#039;3.0.1&#039;, revision: &#039;1969d75&#039;, time: &#039;2016-10-18 09:49:13 -0700&#039;
System info: host: &#039;DESKTOP-O2IJE2R&#039;, ip: &#039;192.168.43.19&#039;, os.name: &#039;Windows 10&#039;, os.arch: &#039;amd64&#039;, os.version: &#039;10.0&#039;, java.version: &#039;1.8.0_131&#039;
Driver info: driver.version: RemoteWebDriver">
      <![CDATA[org.openqa.selenium.WebDriverException: Returned value cannot be converted to WebElement: {stacktrace=Backtrace:
	Ordinal0 [0x00E7A903+1550595]
	Ordinal0 [0x00DFA701+1025793]
	Ordinal0 [0x00D7C58E+509326]
	Ordinal0 [0x00D10FB9+69561]
	Ordinal0 [0x00D28DD7+167383]
	Ordinal0 [0x00D277F2+161778]
	Ordinal0 [0x00D273CA+160714]
	Ordinal0 [0x00D0221E+8734]
	Ordinal0 [0x00D02606+9734]
	Ordinal0 [0x00D02C80+11392]
	Ordinal0 [0x00E142C7+1131207]
	GetHandleVerifier [0x00F170FD+523789]
	GetHandleVerifier [0x00F16E90+523168]
	GetHandleVerifier [0x00F1E1E7+552695]
	GetHandleVerifier [0x00F178FA+525834]
	Ordinal0 [0x00E0B7FC+1095676]
	Ordinal0 [0x00D02053+8275]
	Ordinal0 [0x00D01DA7+7591]
	GetHandleVerifier [0x0127A3BC+4075724]
	BaseThreadInitThunk [0x7648FA29+25]
	RtlGetAppContainerNamedObjectPath [0x77C47A4E+286]
	RtlGetAppContainerNamedObjectPath [0x77C47A1E+238]
, error=invalid session id, message=invalid session id}
Build info: version: '3.0.1', revision: '1969d75', time: '2016-10-18 09:49:13 -0700'
System info: host: 'DESKTOP-O2IJE2R', ip: '192.168.43.19', os.name: 'Windows 10', os.arch: 'amd64', os.version: '10.0', java.version: '1.8.0_131'
Driver info: driver.version: RemoteWebDriver
	at org.openqa.selenium.remote.RemoteWebDriver.findElement(RemoteWebDriver.java:375)
	at org.openqa.selenium.remote.RemoteWebDriver.findElementByXPath(RemoteWebDriver.java:473)
	at org.openqa.selenium.By$ByXPath.findElement(By.java:361)
	at org.openqa.selenium.remote.RemoteWebDriver.findElement(RemoteWebDriver.java:360)
	at org.openqa.selenium.support.ui.ExpectedConditions.findElement(ExpectedConditions.java:895)
	at org.openqa.selenium.support.ui.ExpectedConditions.access$000(ExpectedConditions.java:41)
	at org.openqa.selenium.support.ui.ExpectedConditions$7.apply(ExpectedConditions.java:205)
	at org.openqa.selenium.support.ui.ExpectedConditions$7.apply(ExpectedConditions.java:201)
	at org.openqa.selenium.support.ui.ExpectedConditions$22.apply(ExpectedConditions.java:651)
	at org.openqa.selenium.support.ui.ExpectedConditions$22.apply(ExpectedConditions.java:644)
	at org.openqa.selenium.support.ui.FluentWait.until(FluentWait.java:238)
	at krawler.erp.page.Utilities.enterTextNormalBox(Utilities.java:340)
	at krawler.erp.page.Login.loginERP(Login.java:25)
	at krawler.erp.testCases.Inventory.BaseSetUp.beforeTestLogin(BaseSetUp.java:37)
	at sun.reflect.NativeMethodAccessorImpl.invoke0(Native Method)
	at sun.reflect.NativeMethodAccessorImpl.invoke(Unknown Source)
	at sun.reflect.DelegatingMethodAccessorImpl.invoke(Unknown Source)
	at java.lang.reflect.Method.invoke(Unknown Source)
	at org.testng.internal.MethodInvocationHelper.invokeMethod(MethodInvocationHelper.java:86)
	at org.testng.internal.Invoker.invokeConfigurationMethod(Invoker.java:515)
	at org.testng.internal.Invoker.invokeConfigurations(Invoker.java:216)
	at org.testng.internal.Invoker.invokeConfigurations(Invoker.java:143)
	at org.testng.TestRunner.beforeRun(TestRunner.java:656)
	at org.testng.TestRunner.run(TestRunner.java:624)
	at org.testng.SuiteRunner.runTest(SuiteRunner.java:366)
	at org.testng.SuiteRunner.runSequentially(SuiteRunner.java:361)
	at org.testng.SuiteRunner.privateRun(SuiteRunner.java:319)
	at org.testng.SuiteRunner.run(SuiteRunner.java:268)
	at org.testng.SuiteRunnerWorker.runSuite(SuiteRunnerWorker.java:52)
	at org.testng.SuiteRunnerWorker.run(SuiteRunnerWorker.java:86)
	at org.testng.TestNG.runSuitesSequentially(TestNG.java:1225)
	at org.testng.TestNG.runSuitesLocally(TestNG.java:1150)
	at org.testng.TestNG.runSuites(TestNG.java:1075)
	at org.testng.TestNG.run(TestNG.java:1047)
	at org.testng.remote.AbstractRemoteTestNG.run(AbstractRemoteTestNG.java:126)
	at org.testng.remote.RemoteTestNG.initAndRun(RemoteTestNG.java:137)
	at org.testng.remote.RemoteTestNG.main(RemoteTestNG.java:58)
Caused by: java.lang.ClassCastException: com.google.common.collect.Maps$TransformedEntriesMap cannot be cast to org.openqa.selenium.WebElement
	at org.openqa.selenium.remote.RemoteWebDriver.findElement(RemoteWebDriver.java:373)
	... 36 more
]]>
    </error>
  </testcase> <!-- testCycleCountCalendar -->
  <testcase name="StockOUT_without_QA" time="0.003" classname="krawler.erp.testCases.Inventory.InventoryModule">
    <error type="org.openqa.selenium.WebDriverException" message="Returned value cannot be converted to WebElement: {stacktrace=Backtrace:
	Ordinal0 [0x00E7A903+1550595]
	Ordinal0 [0x00DFA701+1025793]
	Ordinal0 [0x00D7C58E+509326]
	Ordinal0 [0x00D10FB9+69561]
	Ordinal0 [0x00D28DD7+167383]
	Ordinal0 [0x00D277F2+161778]
	Ordinal0 [0x00D273CA+160714]
	Ordinal0 [0x00D0221E+8734]
	Ordinal0 [0x00D02606+9734]
	Ordinal0 [0x00D02C80+11392]
	Ordinal0 [0x00E142C7+1131207]
	GetHandleVerifier [0x00F170FD+523789]
	GetHandleVerifier [0x00F16E90+523168]
	GetHandleVerifier [0x00F1E1E7+552695]
	GetHandleVerifier [0x00F178FA+525834]
	Ordinal0 [0x00E0B7FC+1095676]
	Ordinal0 [0x00D02053+8275]
	Ordinal0 [0x00D01DA7+7591]
	GetHandleVerifier [0x0127A3BC+4075724]
	BaseThreadInitThunk [0x7648FA29+25]
	RtlGetAppContainerNamedObjectPath [0x77C47A4E+286]
	RtlGetAppContainerNamedObjectPath [0x77C47A1E+238]
, error=invalid session id, message=invalid session id}
Build info: version: &#039;3.0.1&#039;, revision: &#039;1969d75&#039;, time: &#039;2016-10-18 09:49:13 -0700&#039;
System info: host: &#039;DESKTOP-O2IJE2R&#039;, ip: &#039;192.168.43.19&#039;, os.name: &#039;Windows 10&#039;, os.arch: &#039;amd64&#039;, os.version: &#039;10.0&#039;, java.version: &#039;1.8.0_131&#039;
Driver info: driver.version: RemoteWebDriver">
      <![CDATA[org.openqa.selenium.WebDriverException: Returned value cannot be converted to WebElement: {stacktrace=Backtrace:
	Ordinal0 [0x00E7A903+1550595]
	Ordinal0 [0x00DFA701+1025793]
	Ordinal0 [0x00D7C58E+509326]
	Ordinal0 [0x00D10FB9+69561]
	Ordinal0 [0x00D28DD7+167383]
	Ordinal0 [0x00D277F2+161778]
	Ordinal0 [0x00D273CA+160714]
	Ordinal0 [0x00D0221E+8734]
	Ordinal0 [0x00D02606+9734]
	Ordinal0 [0x00D02C80+11392]
	Ordinal0 [0x00E142C7+1131207]
	GetHandleVerifier [0x00F170FD+523789]
	GetHandleVerifier [0x00F16E90+523168]
	GetHandleVerifier [0x00F1E1E7+552695]
	GetHandleVerifier [0x00F178FA+525834]
	Ordinal0 [0x00E0B7FC+1095676]
	Ordinal0 [0x00D02053+8275]
	Ordinal0 [0x00D01DA7+7591]
	GetHandleVerifier [0x0127A3BC+4075724]
	BaseThreadInitThunk [0x7648FA29+25]
	RtlGetAppContainerNamedObjectPath [0x77C47A4E+286]
	RtlGetAppContainerNamedObjectPath [0x77C47A1E+238]
, error=invalid session id, message=invalid session id}
Build info: version: '3.0.1', revision: '1969d75', time: '2016-10-18 09:49:13 -0700'
System info: host: 'DESKTOP-O2IJE2R', ip: '192.168.43.19', os.name: 'Windows 10', os.arch: 'amd64', os.version: '10.0', java.version: '1.8.0_131'
Driver info: driver.version: RemoteWebDriver
	at org.openqa.selenium.remote.RemoteWebDriver.findElement(RemoteWebDriver.java:375)
	at org.openqa.selenium.remote.RemoteWebDriver.findElementByXPath(RemoteWebDriver.java:473)
	at org.openqa.selenium.By$ByXPath.findElement(By.java:361)
	at org.openqa.selenium.remote.RemoteWebDriver.findElement(RemoteWebDriver.java:360)
	at org.openqa.selenium.support.ui.ExpectedConditions.findElement(ExpectedConditions.java:895)
	at org.openqa.selenium.support.ui.ExpectedConditions.access$000(ExpectedConditions.java:41)
	at org.openqa.selenium.support.ui.ExpectedConditions$7.apply(ExpectedConditions.java:205)
	at org.openqa.selenium.support.ui.ExpectedConditions$7.apply(ExpectedConditions.java:201)
	at org.openqa.selenium.support.ui.ExpectedConditions$22.apply(ExpectedConditions.java:651)
	at org.openqa.selenium.support.ui.ExpectedConditions$22.apply(ExpectedConditions.java:644)
	at org.openqa.selenium.support.ui.FluentWait.until(FluentWait.java:238)
	at krawler.erp.page.Utilities.enterTextNormalBox(Utilities.java:340)
	at krawler.erp.page.Login.loginERP(Login.java:25)
	at krawler.erp.testCases.Inventory.BaseSetUp.beforeTestLogin(BaseSetUp.java:37)
	at sun.reflect.NativeMethodAccessorImpl.invoke0(Native Method)
	at sun.reflect.NativeMethodAccessorImpl.invoke(Unknown Source)
	at sun.reflect.DelegatingMethodAccessorImpl.invoke(Unknown Source)
	at java.lang.reflect.Method.invoke(Unknown Source)
	at org.testng.internal.MethodInvocationHelper.invokeMethod(MethodInvocationHelper.java:86)
	at org.testng.internal.Invoker.invokeConfigurationMethod(Invoker.java:515)
	at org.testng.internal.Invoker.invokeConfigurations(Invoker.java:216)
	at org.testng.internal.Invoker.invokeConfigurations(Invoker.java:143)
	at org.testng.TestRunner.beforeRun(TestRunner.java:656)
	at org.testng.TestRunner.run(TestRunner.java:624)
	at org.testng.SuiteRunner.runTest(SuiteRunner.java:366)
	at org.testng.SuiteRunner.runSequentially(SuiteRunner.java:361)
	at org.testng.SuiteRunner.privateRun(SuiteRunner.java:319)
	at org.testng.SuiteRunner.run(SuiteRunner.java:268)
	at org.testng.SuiteRunnerWorker.runSuite(SuiteRunnerWorker.java:52)
	at org.testng.SuiteRunnerWorker.run(SuiteRunnerWorker.java:86)
	at org.testng.TestNG.runSuitesSequentially(TestNG.java:1225)
	at org.testng.TestNG.runSuitesLocally(TestNG.java:1150)
	at org.testng.TestNG.runSuites(TestNG.java:1075)
	at org.testng.TestNG.run(TestNG.java:1047)
	at org.testng.remote.AbstractRemoteTestNG.run(AbstractRemoteTestNG.java:126)
	at org.testng.remote.RemoteTestNG.initAndRun(RemoteTestNG.java:137)
	at org.testng.remote.RemoteTestNG.main(RemoteTestNG.java:58)
Caused by: java.lang.ClassCastException: com.google.common.collect.Maps$TransformedEntriesMap cannot be cast to org.openqa.selenium.WebElement
	at org.openqa.selenium.remote.RemoteWebDriver.findElement(RemoteWebDriver.java:373)
	... 36 more
]]>
    </error>
  </testcase> <!-- StockOUT_without_QA -->
  <testcase name="Create_StockIn_withQA" time="0.001" classname="krawler.erp.testCases.Inventory.InventoryModule">
    <error type="org.openqa.selenium.WebDriverException" message="Returned value cannot be converted to WebElement: {stacktrace=Backtrace:
	Ordinal0 [0x00E7A903+1550595]
	Ordinal0 [0x00DFA701+1025793]
	Ordinal0 [0x00D7C58E+509326]
	Ordinal0 [0x00D10FB9+69561]
	Ordinal0 [0x00D28DD7+167383]
	Ordinal0 [0x00D277F2+161778]
	Ordinal0 [0x00D273CA+160714]
	Ordinal0 [0x00D0221E+8734]
	Ordinal0 [0x00D02606+9734]
	Ordinal0 [0x00D02C80+11392]
	Ordinal0 [0x00E142C7+1131207]
	GetHandleVerifier [0x00F170FD+523789]
	GetHandleVerifier [0x00F16E90+523168]
	GetHandleVerifier [0x00F1E1E7+552695]
	GetHandleVerifier [0x00F178FA+525834]
	Ordinal0 [0x00E0B7FC+1095676]
	Ordinal0 [0x00D02053+8275]
	Ordinal0 [0x00D01DA7+7591]
	GetHandleVerifier [0x0127A3BC+4075724]
	BaseThreadInitThunk [0x7648FA29+25]
	RtlGetAppContainerNamedObjectPath [0x77C47A4E+286]
	RtlGetAppContainerNamedObjectPath [0x77C47A1E+238]
, error=invalid session id, message=invalid session id}
Build info: version: &#039;3.0.1&#039;, revision: &#039;1969d75&#039;, time: &#039;2016-10-18 09:49:13 -0700&#039;
System info: host: &#039;DESKTOP-O2IJE2R&#039;, ip: &#039;192.168.43.19&#039;, os.name: &#039;Windows 10&#039;, os.arch: &#039;amd64&#039;, os.version: &#039;10.0&#039;, java.version: &#039;1.8.0_131&#039;
Driver info: driver.version: RemoteWebDriver">
      <![CDATA[org.openqa.selenium.WebDriverException: Returned value cannot be converted to WebElement: {stacktrace=Backtrace:
	Ordinal0 [0x00E7A903+1550595]
	Ordinal0 [0x00DFA701+1025793]
	Ordinal0 [0x00D7C58E+509326]
	Ordinal0 [0x00D10FB9+69561]
	Ordinal0 [0x00D28DD7+167383]
	Ordinal0 [0x00D277F2+161778]
	Ordinal0 [0x00D273CA+160714]
	Ordinal0 [0x00D0221E+8734]
	Ordinal0 [0x00D02606+9734]
	Ordinal0 [0x00D02C80+11392]
	Ordinal0 [0x00E142C7+1131207]
	GetHandleVerifier [0x00F170FD+523789]
	GetHandleVerifier [0x00F16E90+523168]
	GetHandleVerifier [0x00F1E1E7+552695]
	GetHandleVerifier [0x00F178FA+525834]
	Ordinal0 [0x00E0B7FC+1095676]
	Ordinal0 [0x00D02053+8275]
	Ordinal0 [0x00D01DA7+7591]
	GetHandleVerifier [0x0127A3BC+4075724]
	BaseThreadInitThunk [0x7648FA29+25]
	RtlGetAppContainerNamedObjectPath [0x77C47A4E+286]
	RtlGetAppContainerNamedObjectPath [0x77C47A1E+238]
, error=invalid session id, message=invalid session id}
Build info: version: '3.0.1', revision: '1969d75', time: '2016-10-18 09:49:13 -0700'
System info: host: 'DESKTOP-O2IJE2R', ip: '192.168.43.19', os.name: 'Windows 10', os.arch: 'amd64', os.version: '10.0', java.version: '1.8.0_131'
Driver info: driver.version: RemoteWebDriver
	at org.openqa.selenium.remote.RemoteWebDriver.findElement(RemoteWebDriver.java:375)
	at org.openqa.selenium.remote.RemoteWebDriver.findElementByXPath(RemoteWebDriver.java:473)
	at org.openqa.selenium.By$ByXPath.findElement(By.java:361)
	at org.openqa.selenium.remote.RemoteWebDriver.findElement(RemoteWebDriver.java:360)
	at org.openqa.selenium.support.ui.ExpectedConditions.findElement(ExpectedConditions.java:895)
	at org.openqa.selenium.support.ui.ExpectedConditions.access$000(ExpectedConditions.java:41)
	at org.openqa.selenium.support.ui.ExpectedConditions$7.apply(ExpectedConditions.java:205)
	at org.openqa.selenium.support.ui.ExpectedConditions$7.apply(ExpectedConditions.java:201)
	at org.openqa.selenium.support.ui.ExpectedConditions$22.apply(ExpectedConditions.java:651)
	at org.openqa.selenium.support.ui.ExpectedConditions$22.apply(ExpectedConditions.java:644)
	at org.openqa.selenium.support.ui.FluentWait.until(FluentWait.java:238)
	at krawler.erp.page.Utilities.enterTextNormalBox(Utilities.java:340)
	at krawler.erp.page.Login.loginERP(Login.java:25)
	at krawler.erp.testCases.Inventory.BaseSetUp.beforeTestLogin(BaseSetUp.java:37)
	at sun.reflect.NativeMethodAccessorImpl.invoke0(Native Method)
	at sun.reflect.NativeMethodAccessorImpl.invoke(Unknown Source)
	at sun.reflect.DelegatingMethodAccessorImpl.invoke(Unknown Source)
	at java.lang.reflect.Method.invoke(Unknown Source)
	at org.testng.internal.MethodInvocationHelper.invokeMethod(MethodInvocationHelper.java:86)
	at org.testng.internal.Invoker.invokeConfigurationMethod(Invoker.java:515)
	at org.testng.internal.Invoker.invokeConfigurations(Invoker.java:216)
	at org.testng.internal.Invoker.invokeConfigurations(Invoker.java:143)
	at org.testng.TestRunner.beforeRun(TestRunner.java:656)
	at org.testng.TestRunner.run(TestRunner.java:624)
	at org.testng.SuiteRunner.runTest(SuiteRunner.java:366)
	at org.testng.SuiteRunner.runSequentially(SuiteRunner.java:361)
	at org.testng.SuiteRunner.privateRun(SuiteRunner.java:319)
	at org.testng.SuiteRunner.run(SuiteRunner.java:268)
	at org.testng.SuiteRunnerWorker.runSuite(SuiteRunnerWorker.java:52)
	at org.testng.SuiteRunnerWorker.run(SuiteRunnerWorker.java:86)
	at org.testng.TestNG.runSuitesSequentially(TestNG.java:1225)
	at org.testng.TestNG.runSuitesLocally(TestNG.java:1150)
	at org.testng.TestNG.runSuites(TestNG.java:1075)
	at org.testng.TestNG.run(TestNG.java:1047)
	at org.testng.remote.AbstractRemoteTestNG.run(AbstractRemoteTestNG.java:126)
	at org.testng.remote.RemoteTestNG.initAndRun(RemoteTestNG.java:137)
	at org.testng.remote.RemoteTestNG.main(RemoteTestNG.java:58)
Caused by: java.lang.ClassCastException: com.google.common.collect.Maps$TransformedEntriesMap cannot be cast to org.openqa.selenium.WebElement
	at org.openqa.selenium.remote.RemoteWebDriver.findElement(RemoteWebDriver.java:373)
	... 36 more
]]>
    </error>
  </testcase> <!-- Create_StockIn_withQA -->
  <testcase name="validate_StockRequest" time="0.001" classname="krawler.erp.testCases.Inventory.InventoryModule">
    <error type="org.openqa.selenium.WebDriverException" message="Returned value cannot be converted to WebElement: {stacktrace=Backtrace:
	Ordinal0 [0x00E7A903+1550595]
	Ordinal0 [0x00DFA701+1025793]
	Ordinal0 [0x00D7C58E+509326]
	Ordinal0 [0x00D10FB9+69561]
	Ordinal0 [0x00D28DD7+167383]
	Ordinal0 [0x00D277F2+161778]
	Ordinal0 [0x00D273CA+160714]
	Ordinal0 [0x00D0221E+8734]
	Ordinal0 [0x00D02606+9734]
	Ordinal0 [0x00D02C80+11392]
	Ordinal0 [0x00E142C7+1131207]
	GetHandleVerifier [0x00F170FD+523789]
	GetHandleVerifier [0x00F16E90+523168]
	GetHandleVerifier [0x00F1E1E7+552695]
	GetHandleVerifier [0x00F178FA+525834]
	Ordinal0 [0x00E0B7FC+1095676]
	Ordinal0 [0x00D02053+8275]
	Ordinal0 [0x00D01DA7+7591]
	GetHandleVerifier [0x0127A3BC+4075724]
	BaseThreadInitThunk [0x7648FA29+25]
	RtlGetAppContainerNamedObjectPath [0x77C47A4E+286]
	RtlGetAppContainerNamedObjectPath [0x77C47A1E+238]
, error=invalid session id, message=invalid session id}
Build info: version: &#039;3.0.1&#039;, revision: &#039;1969d75&#039;, time: &#039;2016-10-18 09:49:13 -0700&#039;
System info: host: &#039;DESKTOP-O2IJE2R&#039;, ip: &#039;192.168.43.19&#039;, os.name: &#039;Windows 10&#039;, os.arch: &#039;amd64&#039;, os.version: &#039;10.0&#039;, java.version: &#039;1.8.0_131&#039;
Driver info: driver.version: RemoteWebDriver">
      <![CDATA[org.openqa.selenium.WebDriverException: Returned value cannot be converted to WebElement: {stacktrace=Backtrace:
	Ordinal0 [0x00E7A903+1550595]
	Ordinal0 [0x00DFA701+1025793]
	Ordinal0 [0x00D7C58E+509326]
	Ordinal0 [0x00D10FB9+69561]
	Ordinal0 [0x00D28DD7+167383]
	Ordinal0 [0x00D277F2+161778]
	Ordinal0 [0x00D273CA+160714]
	Ordinal0 [0x00D0221E+8734]
	Ordinal0 [0x00D02606+9734]
	Ordinal0 [0x00D02C80+11392]
	Ordinal0 [0x00E142C7+1131207]
	GetHandleVerifier [0x00F170FD+523789]
	GetHandleVerifier [0x00F16E90+523168]
	GetHandleVerifier [0x00F1E1E7+552695]
	GetHandleVerifier [0x00F178FA+525834]
	Ordinal0 [0x00E0B7FC+1095676]
	Ordinal0 [0x00D02053+8275]
	Ordinal0 [0x00D01DA7+7591]
	GetHandleVerifier [0x0127A3BC+4075724]
	BaseThreadInitThunk [0x7648FA29+25]
	RtlGetAppContainerNamedObjectPath [0x77C47A4E+286]
	RtlGetAppContainerNamedObjectPath [0x77C47A1E+238]
, error=invalid session id, message=invalid session id}
Build info: version: '3.0.1', revision: '1969d75', time: '2016-10-18 09:49:13 -0700'
System info: host: 'DESKTOP-O2IJE2R', ip: '192.168.43.19', os.name: 'Windows 10', os.arch: 'amd64', os.version: '10.0', java.version: '1.8.0_131'
Driver info: driver.version: RemoteWebDriver
	at org.openqa.selenium.remote.RemoteWebDriver.findElement(RemoteWebDriver.java:375)
	at org.openqa.selenium.remote.RemoteWebDriver.findElementByXPath(RemoteWebDriver.java:473)
	at org.openqa.selenium.By$ByXPath.findElement(By.java:361)
	at org.openqa.selenium.remote.RemoteWebDriver.findElement(RemoteWebDriver.java:360)
	at org.openqa.selenium.support.ui.ExpectedConditions.findElement(ExpectedConditions.java:895)
	at org.openqa.selenium.support.ui.ExpectedConditions.access$000(ExpectedConditions.java:41)
	at org.openqa.selenium.support.ui.ExpectedConditions$7.apply(ExpectedConditions.java:205)
	at org.openqa.selenium.support.ui.ExpectedConditions$7.apply(ExpectedConditions.java:201)
	at org.openqa.selenium.support.ui.ExpectedConditions$22.apply(ExpectedConditions.java:651)
	at org.openqa.selenium.support.ui.ExpectedConditions$22.apply(ExpectedConditions.java:644)
	at org.openqa.selenium.support.ui.FluentWait.until(FluentWait.java:238)
	at krawler.erp.page.Utilities.enterTextNormalBox(Utilities.java:340)
	at krawler.erp.page.Login.loginERP(Login.java:25)
	at krawler.erp.testCases.Inventory.BaseSetUp.beforeTestLogin(BaseSetUp.java:37)
	at sun.reflect.NativeMethodAccessorImpl.invoke0(Native Method)
	at sun.reflect.NativeMethodAccessorImpl.invoke(Unknown Source)
	at sun.reflect.DelegatingMethodAccessorImpl.invoke(Unknown Source)
	at java.lang.reflect.Method.invoke(Unknown Source)
	at org.testng.internal.MethodInvocationHelper.invokeMethod(MethodInvocationHelper.java:86)
	at org.testng.internal.Invoker.invokeConfigurationMethod(Invoker.java:515)
	at org.testng.internal.Invoker.invokeConfigurations(Invoker.java:216)
	at org.testng.internal.Invoker.invokeConfigurations(Invoker.java:143)
	at org.testng.TestRunner.beforeRun(TestRunner.java:656)
	at org.testng.TestRunner.run(TestRunner.java:624)
	at org.testng.SuiteRunner.runTest(SuiteRunner.java:366)
	at org.testng.SuiteRunner.runSequentially(SuiteRunner.java:361)
	at org.testng.SuiteRunner.privateRun(SuiteRunner.java:319)
	at org.testng.SuiteRunner.run(SuiteRunner.java:268)
	at org.testng.SuiteRunnerWorker.runSuite(SuiteRunnerWorker.java:52)
	at org.testng.SuiteRunnerWorker.run(SuiteRunnerWorker.java:86)
	at org.testng.TestNG.runSuitesSequentially(TestNG.java:1225)
	at org.testng.TestNG.runSuitesLocally(TestNG.java:1150)
	at org.testng.TestNG.runSuites(TestNG.java:1075)
	at org.testng.TestNG.run(TestNG.java:1047)
	at org.testng.remote.AbstractRemoteTestNG.run(AbstractRemoteTestNG.java:126)
	at org.testng.remote.RemoteTestNG.initAndRun(RemoteTestNG.java:137)
	at org.testng.remote.RemoteTestNG.main(RemoteTestNG.java:58)
Caused by: java.lang.ClassCastException: com.google.common.collect.Maps$TransformedEntriesMap cannot be cast to org.openqa.selenium.WebElement
	at org.openqa.selenium.remote.RemoteWebDriver.findElement(RemoteWebDriver.java:373)
	... 36 more
]]>
    </error>
  </testcase> <!-- validate_StockRequest -->
  <testcase name="create_AssemblyProduct" time="0.001" classname="krawler.erp.testCases.Inventory.InventoryModule">
    <error type="org.openqa.selenium.WebDriverException" message="Returned value cannot be converted to WebElement: {stacktrace=Backtrace:
	Ordinal0 [0x00E7A903+1550595]
	Ordinal0 [0x00DFA701+1025793]
	Ordinal0 [0x00D7C58E+509326]
	Ordinal0 [0x00D10FB9+69561]
	Ordinal0 [0x00D28DD7+167383]
	Ordinal0 [0x00D277F2+161778]
	Ordinal0 [0x00D273CA+160714]
	Ordinal0 [0x00D0221E+8734]
	Ordinal0 [0x00D02606+9734]
	Ordinal0 [0x00D02C80+11392]
	Ordinal0 [0x00E142C7+1131207]
	GetHandleVerifier [0x00F170FD+523789]
	GetHandleVerifier [0x00F16E90+523168]
	GetHandleVerifier [0x00F1E1E7+552695]
	GetHandleVerifier [0x00F178FA+525834]
	Ordinal0 [0x00E0B7FC+1095676]
	Ordinal0 [0x00D02053+8275]
	Ordinal0 [0x00D01DA7+7591]
	GetHandleVerifier [0x0127A3BC+4075724]
	BaseThreadInitThunk [0x7648FA29+25]
	RtlGetAppContainerNamedObjectPath [0x77C47A4E+286]
	RtlGetAppContainerNamedObjectPath [0x77C47A1E+238]
, error=invalid session id, message=invalid session id}
Build info: version: &#039;3.0.1&#039;, revision: &#039;1969d75&#039;, time: &#039;2016-10-18 09:49:13 -0700&#039;
System info: host: &#039;DESKTOP-O2IJE2R&#039;, ip: &#039;192.168.43.19&#039;, os.name: &#039;Windows 10&#039;, os.arch: &#039;amd64&#039;, os.version: &#039;10.0&#039;, java.version: &#039;1.8.0_131&#039;
Driver info: driver.version: RemoteWebDriver">
      <![CDATA[org.openqa.selenium.WebDriverException: Returned value cannot be converted to WebElement: {stacktrace=Backtrace:
	Ordinal0 [0x00E7A903+1550595]
	Ordinal0 [0x00DFA701+1025793]
	Ordinal0 [0x00D7C58E+509326]
	Ordinal0 [0x00D10FB9+69561]
	Ordinal0 [0x00D28DD7+167383]
	Ordinal0 [0x00D277F2+161778]
	Ordinal0 [0x00D273CA+160714]
	Ordinal0 [0x00D0221E+8734]
	Ordinal0 [0x00D02606+9734]
	Ordinal0 [0x00D02C80+11392]
	Ordinal0 [0x00E142C7+1131207]
	GetHandleVerifier [0x00F170FD+523789]
	GetHandleVerifier [0x00F16E90+523168]
	GetHandleVerifier [0x00F1E1E7+552695]
	GetHandleVerifier [0x00F178FA+525834]
	Ordinal0 [0x00E0B7FC+1095676]
	Ordinal0 [0x00D02053+8275]
	Ordinal0 [0x00D01DA7+7591]
	GetHandleVerifier [0x0127A3BC+4075724]
	BaseThreadInitThunk [0x7648FA29+25]
	RtlGetAppContainerNamedObjectPath [0x77C47A4E+286]
	RtlGetAppContainerNamedObjectPath [0x77C47A1E+238]
, error=invalid session id, message=invalid session id}
Build info: version: '3.0.1', revision: '1969d75', time: '2016-10-18 09:49:13 -0700'
System info: host: 'DESKTOP-O2IJE2R', ip: '192.168.43.19', os.name: 'Windows 10', os.arch: 'amd64', os.version: '10.0', java.version: '1.8.0_131'
Driver info: driver.version: RemoteWebDriver
	at org.openqa.selenium.remote.RemoteWebDriver.findElement(RemoteWebDriver.java:375)
	at org.openqa.selenium.remote.RemoteWebDriver.findElementByXPath(RemoteWebDriver.java:473)
	at org.openqa.selenium.By$ByXPath.findElement(By.java:361)
	at org.openqa.selenium.remote.RemoteWebDriver.findElement(RemoteWebDriver.java:360)
	at org.openqa.selenium.support.ui.ExpectedConditions.findElement(ExpectedConditions.java:895)
	at org.openqa.selenium.support.ui.ExpectedConditions.access$000(ExpectedConditions.java:41)
	at org.openqa.selenium.support.ui.ExpectedConditions$7.apply(ExpectedConditions.java:205)
	at org.openqa.selenium.support.ui.ExpectedConditions$7.apply(ExpectedConditions.java:201)
	at org.openqa.selenium.support.ui.ExpectedConditions$22.apply(ExpectedConditions.java:651)
	at org.openqa.selenium.support.ui.ExpectedConditions$22.apply(ExpectedConditions.java:644)
	at org.openqa.selenium.support.ui.FluentWait.until(FluentWait.java:238)
	at krawler.erp.page.Utilities.enterTextNormalBox(Utilities.java:340)
	at krawler.erp.page.Login.loginERP(Login.java:25)
	at krawler.erp.testCases.Inventory.BaseSetUp.beforeTestLogin(BaseSetUp.java:37)
	at sun.reflect.NativeMethodAccessorImpl.invoke0(Native Method)
	at sun.reflect.NativeMethodAccessorImpl.invoke(Unknown Source)
	at sun.reflect.DelegatingMethodAccessorImpl.invoke(Unknown Source)
	at java.lang.reflect.Method.invoke(Unknown Source)
	at org.testng.internal.MethodInvocationHelper.invokeMethod(MethodInvocationHelper.java:86)
	at org.testng.internal.Invoker.invokeConfigurationMethod(Invoker.java:515)
	at org.testng.internal.Invoker.invokeConfigurations(Invoker.java:216)
	at org.testng.internal.Invoker.invokeConfigurations(Invoker.java:143)
	at org.testng.TestRunner.beforeRun(TestRunner.java:656)
	at org.testng.TestRunner.run(TestRunner.java:624)
	at org.testng.SuiteRunner.runTest(SuiteRunner.java:366)
	at org.testng.SuiteRunner.runSequentially(SuiteRunner.java:361)
	at org.testng.SuiteRunner.privateRun(SuiteRunner.java:319)
	at org.testng.SuiteRunner.run(SuiteRunner.java:268)
	at org.testng.SuiteRunnerWorker.runSuite(SuiteRunnerWorker.java:52)
	at org.testng.SuiteRunnerWorker.run(SuiteRunnerWorker.java:86)
	at org.testng.TestNG.runSuitesSequentially(TestNG.java:1225)
	at org.testng.TestNG.runSuitesLocally(TestNG.java:1150)
	at org.testng.TestNG.runSuites(TestNG.java:1075)
	at org.testng.TestNG.run(TestNG.java:1047)
	at org.testng.remote.AbstractRemoteTestNG.run(AbstractRemoteTestNG.java:126)
	at org.testng.remote.RemoteTestNG.initAndRun(RemoteTestNG.java:137)
	at org.testng.remote.RemoteTestNG.main(RemoteTestNG.java:58)
Caused by: java.lang.ClassCastException: com.google.common.collect.Maps$TransformedEntriesMap cannot be cast to org.openqa.selenium.WebElement
	at org.openqa.selenium.remote.RemoteWebDriver.findElement(RemoteWebDriver.java:373)
	... 36 more
]]>
    </error>
  </testcase> <!-- create_AssemblyProduct -->
  <testcase name="validate_InterStoreStockTransfer" time="0.000" classname="krawler.erp.testCases.Inventory.InventoryModule">
    <error type="org.openqa.selenium.WebDriverException" message="Returned value cannot be converted to WebElement: {stacktrace=Backtrace:
	Ordinal0 [0x00E7A903+1550595]
	Ordinal0 [0x00DFA701+1025793]
	Ordinal0 [0x00D7C58E+509326]
	Ordinal0 [0x00D10FB9+69561]
	Ordinal0 [0x00D28DD7+167383]
	Ordinal0 [0x00D277F2+161778]
	Ordinal0 [0x00D273CA+160714]
	Ordinal0 [0x00D0221E+8734]
	Ordinal0 [0x00D02606+9734]
	Ordinal0 [0x00D02C80+11392]
	Ordinal0 [0x00E142C7+1131207]
	GetHandleVerifier [0x00F170FD+523789]
	GetHandleVerifier [0x00F16E90+523168]
	GetHandleVerifier [0x00F1E1E7+552695]
	GetHandleVerifier [0x00F178FA+525834]
	Ordinal0 [0x00E0B7FC+1095676]
	Ordinal0 [0x00D02053+8275]
	Ordinal0 [0x00D01DA7+7591]
	GetHandleVerifier [0x0127A3BC+4075724]
	BaseThreadInitThunk [0x7648FA29+25]
	RtlGetAppContainerNamedObjectPath [0x77C47A4E+286]
	RtlGetAppContainerNamedObjectPath [0x77C47A1E+238]
, error=invalid session id, message=invalid session id}
Build info: version: &#039;3.0.1&#039;, revision: &#039;1969d75&#039;, time: &#039;2016-10-18 09:49:13 -0700&#039;
System info: host: &#039;DESKTOP-O2IJE2R&#039;, ip: &#039;192.168.43.19&#039;, os.name: &#039;Windows 10&#039;, os.arch: &#039;amd64&#039;, os.version: &#039;10.0&#039;, java.version: &#039;1.8.0_131&#039;
Driver info: driver.version: RemoteWebDriver">
      <![CDATA[org.openqa.selenium.WebDriverException: Returned value cannot be converted to WebElement: {stacktrace=Backtrace:
	Ordinal0 [0x00E7A903+1550595]
	Ordinal0 [0x00DFA701+1025793]
	Ordinal0 [0x00D7C58E+509326]
	Ordinal0 [0x00D10FB9+69561]
	Ordinal0 [0x00D28DD7+167383]
	Ordinal0 [0x00D277F2+161778]
	Ordinal0 [0x00D273CA+160714]
	Ordinal0 [0x00D0221E+8734]
	Ordinal0 [0x00D02606+9734]
	Ordinal0 [0x00D02C80+11392]
	Ordinal0 [0x00E142C7+1131207]
	GetHandleVerifier [0x00F170FD+523789]
	GetHandleVerifier [0x00F16E90+523168]
	GetHandleVerifier [0x00F1E1E7+552695]
	GetHandleVerifier [0x00F178FA+525834]
	Ordinal0 [0x00E0B7FC+1095676]
	Ordinal0 [0x00D02053+8275]
	Ordinal0 [0x00D01DA7+7591]
	GetHandleVerifier [0x0127A3BC+4075724]
	BaseThreadInitThunk [0x7648FA29+25]
	RtlGetAppContainerNamedObjectPath [0x77C47A4E+286]
	RtlGetAppContainerNamedObjectPath [0x77C47A1E+238]
, error=invalid session id, message=invalid session id}
Build info: version: '3.0.1', revision: '1969d75', time: '2016-10-18 09:49:13 -0700'
System info: host: 'DESKTOP-O2IJE2R', ip: '192.168.43.19', os.name: 'Windows 10', os.arch: 'amd64', os.version: '10.0', java.version: '1.8.0_131'
Driver info: driver.version: RemoteWebDriver
	at org.openqa.selenium.remote.RemoteWebDriver.findElement(RemoteWebDriver.java:375)
	at org.openqa.selenium.remote.RemoteWebDriver.findElementByXPath(RemoteWebDriver.java:473)
	at org.openqa.selenium.By$ByXPath.findElement(By.java:361)
	at org.openqa.selenium.remote.RemoteWebDriver.findElement(RemoteWebDriver.java:360)
	at org.openqa.selenium.support.ui.ExpectedConditions.findElement(ExpectedConditions.java:895)
	at org.openqa.selenium.support.ui.ExpectedConditions.access$000(ExpectedConditions.java:41)
	at org.openqa.selenium.support.ui.ExpectedConditions$7.apply(ExpectedConditions.java:205)
	at org.openqa.selenium.support.ui.ExpectedConditions$7.apply(ExpectedConditions.java:201)
	at org.openqa.selenium.support.ui.ExpectedConditions$22.apply(ExpectedConditions.java:651)
	at org.openqa.selenium.support.ui.ExpectedConditions$22.apply(ExpectedConditions.java:644)
	at org.openqa.selenium.support.ui.FluentWait.until(FluentWait.java:238)
	at krawler.erp.page.Utilities.enterTextNormalBox(Utilities.java:340)
	at krawler.erp.page.Login.loginERP(Login.java:25)
	at krawler.erp.testCases.Inventory.BaseSetUp.beforeTestLogin(BaseSetUp.java:37)
	at sun.reflect.NativeMethodAccessorImpl.invoke0(Native Method)
	at sun.reflect.NativeMethodAccessorImpl.invoke(Unknown Source)
	at sun.reflect.DelegatingMethodAccessorImpl.invoke(Unknown Source)
	at java.lang.reflect.Method.invoke(Unknown Source)
	at org.testng.internal.MethodInvocationHelper.invokeMethod(MethodInvocationHelper.java:86)
	at org.testng.internal.Invoker.invokeConfigurationMethod(Invoker.java:515)
	at org.testng.internal.Invoker.invokeConfigurations(Invoker.java:216)
	at org.testng.internal.Invoker.invokeConfigurations(Invoker.java:143)
	at org.testng.TestRunner.beforeRun(TestRunner.java:656)
	at org.testng.TestRunner.run(TestRunner.java:624)
	at org.testng.SuiteRunner.runTest(SuiteRunner.java:366)
	at org.testng.SuiteRunner.runSequentially(SuiteRunner.java:361)
	at org.testng.SuiteRunner.privateRun(SuiteRunner.java:319)
	at org.testng.SuiteRunner.run(SuiteRunner.java:268)
	at org.testng.SuiteRunnerWorker.runSuite(SuiteRunnerWorker.java:52)
	at org.testng.SuiteRunnerWorker.run(SuiteRunnerWorker.java:86)
	at org.testng.TestNG.runSuitesSequentially(TestNG.java:1225)
	at org.testng.TestNG.runSuitesLocally(TestNG.java:1150)
	at org.testng.TestNG.runSuites(TestNG.java:1075)
	at org.testng.TestNG.run(TestNG.java:1047)
	at org.testng.remote.AbstractRemoteTestNG.run(AbstractRemoteTestNG.java:126)
	at org.testng.remote.RemoteTestNG.initAndRun(RemoteTestNG.java:137)
	at org.testng.remote.RemoteTestNG.main(RemoteTestNG.java:58)
Caused by: java.lang.ClassCastException: com.google.common.collect.Maps$TransformedEntriesMap cannot be cast to org.openqa.selenium.WebElement
	at org.openqa.selenium.remote.RemoteWebDriver.findElement(RemoteWebDriver.java:373)
	... 36 more
]]>
    </error>
  </testcase> <!-- validate_InterStoreStockTransfer -->
</testsuite> <!-- krawler.erp.testCases.Inventory.InventoryModule -->
