<?xml version="1.0" encoding="UTF-8"?>
<!-- Generated by org.testng.reporters.JUnitReportReporter -->
<testsuite skipped="55" hostname="RahulKaushik-PC" name="krawler.erp.testCases.Smt"
	tests="57" failures="0" timestamp="24 May 2018 05:52:47 GMT" time="12.842"
	errors="1">
	<testcase name="beforeTestLogin" time="12.836"
		classname="krawler.erp.testCases.Smt">
		<error type="org.openqa.selenium.NoSuchWindowException"
			message="no such window: target window already closed
from unknown error: web view not found
  (Session info: chrome=66.0.3359.181)
  (Driver info: chromedriver=2.37.544315 (730aa6a5fdba159ac9f4c1e8cbc59bf1b5ce12b7),platform=Windows NT 10.0.16299 x86_64) (WARNING: The server did not provide any stacktrace information)
Command duration or timeout: 15 milliseconds
Build info: version: &#039;3.0.1&#039;, revision: &#039;1969d75&#039;, time: &#039;2016-10-18 09:49:13 -0700&#039;
System info: host: &#039;RahulKaushik-PC&#039;, ip: &#039;192.168.0.87&#039;, os.name: &#039;Windows 10&#039;, os.arch: &#039;amd64&#039;, os.version: &#039;10.0&#039;, java.version: &#039;1.8.0_131&#039;
Driver info: org.openqa.selenium.chrome.ChromeDriver
Capabilities [{applicationCacheEnabled=false, rotatable=false, mobileEmulationEnabled=false, networkConnectionEnabled=false, chrome={chromedriverVersion=2.37.544315 (730aa6a5fdba159ac9f4c1e8cbc59bf1b5ce12b7), userDataDir=C:\Users\krawler\AppData\Local\Temp\scoped_dir2364_2861}, takesHeapSnapshot=true, pageLoadStrategy=normal, databaseEnabled=false, handlesAlerts=true, hasTouchScreen=false, version=66.0.3359.181, platform=XP, browserConnectionEnabled=false, nativeEvents=true, acceptSslCerts=false, acceptInsecureCerts=false, locationContextEnabled=true, webStorageEnabled=true, browserName=chrome, takesScreenshot=true, javascriptEnabled=true, cssSelectorsEnabled=true, setWindowRect=true, unexpectedAlertBehaviour=}]
Session ID: d80cf4f936058cd7c96ab1ad286d62d7
*** Element info: {Using=xpath, value=//input[@id=&#039;UserName&#039;]}">
      <![CDATA[org.openqa.selenium.NoSuchWindowException: no such window: target window already closed
from unknown error: web view not found
  (Session info: chrome=66.0.3359.181)
  (Driver info: chromedriver=2.37.544315 (730aa6a5fdba159ac9f4c1e8cbc59bf1b5ce12b7),platform=Windows NT 10.0.16299 x86_64) (WARNING: The server did not provide any stacktrace information)
Command duration or timeout: 15 milliseconds
Build info: version: '3.0.1', revision: '1969d75', time: '2016-10-18 09:49:13 -0700'
System info: host: 'RahulKaushik-PC', ip: '192.168.0.87', os.name: 'Windows 10', os.arch: 'amd64', os.version: '10.0', java.version: '1.8.0_131'
Driver info: org.openqa.selenium.chrome.ChromeDriver
Capabilities [{applicationCacheEnabled=false, rotatable=false, mobileEmulationEnabled=false, networkConnectionEnabled=false, chrome={chromedriverVersion=2.37.544315 (730aa6a5fdba159ac9f4c1e8cbc59bf1b5ce12b7), userDataDir=C:\Users\krawler\AppData\Local\Temp\scoped_dir2364_2861}, takesHeapSnapshot=true, pageLoadStrategy=normal, databaseEnabled=false, handlesAlerts=true, hasTouchScreen=false, version=66.0.3359.181, platform=XP, browserConnectionEnabled=false, nativeEvents=true, acceptSslCerts=false, acceptInsecureCerts=false, locationContextEnabled=true, webStorageEnabled=true, browserName=chrome, takesScreenshot=true, javascriptEnabled=true, cssSelectorsEnabled=true, setWindowRect=true, unexpectedAlertBehaviour=}]
Session ID: d80cf4f936058cd7c96ab1ad286d62d7
*** Element info: {Using=xpath, value=//input[@id='UserName']}
	at sun.reflect.NativeConstructorAccessorImpl.newInstance0(Native Method)
	at sun.reflect.NativeConstructorAccessorImpl.newInstance(Unknown Source)
	at sun.reflect.DelegatingConstructorAccessorImpl.newInstance(Unknown Source)
	at java.lang.reflect.Constructor.newInstance(Unknown Source)
	at org.openqa.selenium.remote.ErrorHandler.createThrowable(ErrorHandler.java:216)
	at org.openqa.selenium.remote.ErrorHandler.throwIfResponseFailed(ErrorHandler.java:168)
	at org.openqa.selenium.remote.RemoteWebDriver.execute(RemoteWebDriver.java:635)
	at org.openqa.selenium.remote.RemoteWebDriver.findElement(RemoteWebDriver.java:368)
	at org.openqa.selenium.remote.RemoteWebDriver.findElementByXPath(RemoteWebDriver.java:473)
	at org.openqa.selenium.By$ByXPath.findElement(By.java:361)
	at org.openqa.selenium.remote.RemoteWebDriver.findElement(RemoteWebDriver.java:360)
	at krawler.erp.page.Login.loginERP(Login.java:35)
	at krawler.erp.testCases.Smt.beforeTestLogin(Smt.java:57)
	at sun.reflect.NativeMethodAccessorImpl.invoke0(Native Method)
	at sun.reflect.NativeMethodAccessorImpl.invoke(Unknown Source)
	at sun.reflect.DelegatingMethodAccessorImpl.invoke(Unknown Source)
	at java.lang.reflect.Method.invoke(Unknown Source)
	at org.testng.internal.MethodInvocationHelper.invokeMethod(MethodInvocationHelper.java:108)
	at org.testng.internal.Invoker.invokeConfigurationMethod(Invoker.java:523)
	at org.testng.internal.Invoker.invokeConfigurations(Invoker.java:224)
	at org.testng.internal.Invoker.invokeMethod(Invoker.java:599)
	at org.testng.internal.Invoker.invokeTestMethod(Invoker.java:869)
	at org.testng.internal.Invoker.invokeTestMethods(Invoker.java:1193)
	at org.testng.internal.TestMethodWorker.invokeTestMethods(TestMethodWorker.java:126)
	at org.testng.internal.TestMethodWorker.run(TestMethodWorker.java:109)
	at org.testng.TestRunner.privateRun(TestRunner.java:744)
	at org.testng.TestRunner.run(TestRunner.java:602)
	at org.testng.SuiteRunner.runTest(SuiteRunner.java:380)
	at org.testng.SuiteRunner.runSequentially(SuiteRunner.java:375)
	at org.testng.SuiteRunner.privateRun(SuiteRunner.java:340)
	at org.testng.SuiteRunner.run(SuiteRunner.java:289)
	at org.testng.SuiteRunnerWorker.runSuite(SuiteRunnerWorker.java:52)
	at org.testng.SuiteRunnerWorker.run(SuiteRunnerWorker.java:86)
	at org.testng.TestNG.runSuitesSequentially(TestNG.java:1301)
	at org.testng.TestNG.runSuitesLocally(TestNG.java:1226)
	at org.testng.TestNG.runSuites(TestNG.java:1144)
	at org.testng.TestNG.run(TestNG.java:1115)
	at org.testng.remote.AbstractRemoteTestNG.run(AbstractRemoteTestNG.java:114)
	at org.testng.remote.RemoteTestNG.initAndRun(RemoteTestNG.java:251)
	at org.testng.remote.RemoteTestNG.main(RemoteTestNG.java:77)
]]>
		</error>
	</testcase> <!-- beforeTestLogin -->
	<testcase name="customerMaster" time="0.005"
		classname="krawler.erp.testCases.Smt" />
	<testcase name="validate_vendorCopyEditDelete" time="0.000"
		classname="krawler.erp.testCases.Smt">
		<skipped />
	</testcase> <!-- validate_vendorCopyEditDelete -->
	<testcase name="purchaseRequisition" time="0.000"
		classname="krawler.erp.testCases.Smt">
		<skipped />
	</testcase> <!-- purchaseRequisition -->
	<testcase name="purchaseRequisition1" time="0.000"
		classname="krawler.erp.testCases.Smt">
		<skipped />
	</testcase> <!-- purchaseRequisition1 -->
	<testcase name="vendorQuotation" time="0.000"
		classname="krawler.erp.testCases.Smt">
		<skipped />
	</testcase> <!-- vendorQuotation -->
	<testcase name="vendorQuotation1" time="0.000"
		classname="krawler.erp.testCases.Smt">
		<skipped />
	</testcase> <!-- vendorQuotation1 -->
	<testcase name="cashPurchase" time="0.000" classname="krawler.erp.testCases.Smt">
		<skipped />
	</testcase> <!-- cashPurchase -->
	<testcase name="cashPurchase1" time="0.001"
		classname="krawler.erp.testCases.Smt">
		<skipped />
	</testcase> <!-- cashPurchase1 -->
	<testcase name="vendorInvoice" time="0.000"
		classname="krawler.erp.testCases.Smt">
		<skipped />
	</testcase> <!-- vendorInvoice -->
	<testcase name="vendorInvoice1" time="0.000"
		classname="krawler.erp.testCases.Smt">
		<skipped />
	</testcase> <!-- vendorInvoice1 -->
	<testcase name="goodReceipt" time="0.000" classname="krawler.erp.testCases.Smt">
		<skipped />
	</testcase> <!-- goodReceipt -->
	<testcase name="goodReceipt1" time="0.000" classname="krawler.erp.testCases.Smt">
		<skipped />
	</testcase> <!-- goodReceipt1 -->
	<testcase name="purchaseReturnOnly" time="0.000"
		classname="krawler.erp.testCases.Smt">
		<skipped />
	</testcase> <!-- purchaseReturnOnly -->
	<testcase name="purchaseReturnOnly1" time="0.000"
		classname="krawler.erp.testCases.Smt">
		<skipped />
	</testcase> <!-- purchaseReturnOnly1 -->
	<testcase name="purchaseReturnDebitNote" time="0.000"
		classname="krawler.erp.testCases.Smt">
		<skipped />
	</testcase> <!-- purchaseReturnDebitNote -->
	<testcase name="purchaseReturnDebitNote1" time="0.000"
		classname="krawler.erp.testCases.Smt">
		<skipped />
	</testcase> <!-- purchaseReturnDebitNote1 -->
	<testcase name="debitNoteOtherWise" time="0.000"
		classname="krawler.erp.testCases.Smt">
		<skipped />
	</testcase> <!-- debitNoteOtherWise -->
	<testcase name="debitNoteOtherWise1" time="0.000"
		classname="krawler.erp.testCases.Smt">
		<skipped />
	</testcase> <!-- debitNoteOtherWise1 -->
	<testcase name="customerQuotation" time="0.000"
		classname="krawler.erp.testCases.Smt">
		<skipped />
	</testcase> <!-- customerQuotation -->
	<testcase name="customerQuotation1" time="0.000"
		classname="krawler.erp.testCases.Smt">
		<skipped />
	</testcase> <!-- customerQuotation1 -->
	<testcase name="salesOrder" time="0.000" classname="krawler.erp.testCases.Smt">
		<skipped />
	</testcase> <!-- salesOrder -->
	<testcase name="salesOrder1" time="0.000" classname="krawler.erp.testCases.Smt">
		<skipped />
	</testcase> <!-- salesOrder1 -->
	<testcase name="cashSale" time="0.000" classname="krawler.erp.testCases.Smt">
		<skipped />
	</testcase> <!-- cashSale -->
	<testcase name="cashSale1" time="0.000" classname="krawler.erp.testCases.Smt">
		<skipped />
	</testcase> <!-- cashSale1 -->
	<testcase name="salesInvoice" time="0.000" classname="krawler.erp.testCases.Smt">
		<skipped />
	</testcase> <!-- salesInvoice -->
	<testcase name="salesInvoice1" time="0.000"
		classname="krawler.erp.testCases.Smt">
		<skipped />
	</testcase> <!-- salesInvoice1 -->
	<testcase name="deliveryOrder" time="0.000"
		classname="krawler.erp.testCases.Smt">
		<skipped />
	</testcase> <!-- deliveryOrder -->
	<testcase name="deliveryOrder1" time="0.000"
		classname="krawler.erp.testCases.Smt">
		<skipped />
	</testcase> <!-- deliveryOrder1 -->
	<testcase name="salesReturnOnly" time="0.000"
		classname="krawler.erp.testCases.Smt">
		<skipped />
	</testcase> <!-- salesReturnOnly -->
	<testcase name="salesReturnOnly1" time="0.000"
		classname="krawler.erp.testCases.Smt">
		<skipped />
	</testcase> <!-- salesReturnOnly1 -->
	<testcase name="salesReturnWithCreditNote" time="0.000"
		classname="krawler.erp.testCases.Smt">
		<skipped />
	</testcase> <!-- salesReturnWithCreditNote -->
	<testcase name="salesReturnWithCreditNote1" time="0.000"
		classname="krawler.erp.testCases.Smt">
		<skipped />
	</testcase> <!-- salesReturnWithCreditNote1 -->
	<testcase name="creditNoteOtherwise" time="0.000"
		classname="krawler.erp.testCases.Smt">
		<skipped />
	</testcase> <!-- creditNoteOtherwise -->
	<testcase name="creditNoteOtherwise1" time="0.000"
		classname="krawler.erp.testCases.Smt">
		<skipped />
	</testcase> <!-- creditNoteOtherwise1 -->
	<testcase name="CreditNoteSalesInvoice" time="0.000"
		classname="krawler.erp.testCases.Smt">
		<skipped />
	</testcase> <!-- CreditNoteSalesInvoice -->
	<testcase name="CreditNoteSalesInvoice1" time="0.000"
		classname="krawler.erp.testCases.Smt">
		<skipped />
	</testcase> <!-- CreditNoteSalesInvoice1 -->
	<testcase name="CreditAgainstvendor" time="0.000"
		classname="krawler.erp.testCases.Smt">
		<skipped />
	</testcase> <!-- CreditAgainstvendor -->
	<testcase name="CreditAgainstvendor1" time="0.000"
		classname="krawler.erp.testCases.Smt">
		<skipped />
	</testcase> <!-- CreditAgainstvendor1 -->
	<testcase name="PurchaseOrder" time="0.000"
		classname="krawler.erp.testCases.Smt">
		<skipped />
	</testcase> <!-- PurchaseOrder -->
	<testcase name="PurchaseOrder1" time="0.000"
		classname="krawler.erp.testCases.Smt">
		<skipped />
	</testcase> <!-- PurchaseOrder1 -->
	<testcase name="debitNoteAgainstCustomer" time="0.000"
		classname="krawler.erp.testCases.Smt">
		<skipped />
	</testcase> <!-- debitNoteAgainstCustomer -->
	<testcase name="debitNoteAgainstCustomer1" time="0.000"
		classname="krawler.erp.testCases.Smt">
		<skipped />
	</testcase> <!-- debitNoteAgainstCustomer1 -->
	<testcase name="MakePaymentVendorAdvance" time="0.000"
		classname="krawler.erp.testCases.Smt">
		<skipped />
	</testcase> <!-- MakePaymentVendorAdvance -->
	<testcase name="MakePaymentVendorAdvance1" time="0.000"
		classname="krawler.erp.testCases.Smt">
		<skipped />
	</testcase> <!-- MakePaymentVendorAdvance1 -->
	<testcase name="MakePaymentVendorCreditNote" time="0.000"
		classname="krawler.erp.testCases.Smt">
		<skipped />
	</testcase> <!-- MakePaymentVendorCreditNote -->
	<testcase name="MakePaymentVendorCreditNote1" time="0.000"
		classname="krawler.erp.testCases.Smt">
		<skipped />
	</testcase> <!-- MakePaymentVendorCreditNote1 -->
	<testcase name="MakePaymentVendorInvoice" time="0.000"
		classname="krawler.erp.testCases.Smt">
		<skipped />
	</testcase> <!-- MakePaymentVendorInvoice -->
	<testcase name="ReceivePaymentCustomerAdvance" time="0.000"
		classname="krawler.erp.testCases.Smt">
		<skipped />
	</testcase> <!-- ReceivePaymentCustomerAdvance -->
	<testcase name="ReceivePaymentCustomerAdvance1" time="0.000"
		classname="krawler.erp.testCases.Smt">
		<skipped />
	</testcase> <!-- ReceivePaymentCustomerAdvance1 -->
	<testcase name="ReceivePaymentCustomerDebitNote" time="0.000"
		classname="krawler.erp.testCases.Smt">
		<skipped />
	</testcase> <!-- ReceivePaymentCustomerDebitNote -->
	<testcase name="ReceivePaymentCustomerInvoice" time="0.000"
		classname="krawler.erp.testCases.Smt">
		<skipped />
	</testcase> <!-- ReceivePaymentCustomerInvoice -->
	<testcase name="ReceivePaymentVendorAdvance" time="0.000"
		classname="krawler.erp.testCases.Smt">
		<skipped />
	</testcase> <!-- ReceivePaymentVendorAdvance -->
	<testcase name="ReceivePaymentVendorAdvance1" time="0.000"
		classname="krawler.erp.testCases.Smt">
		<skipped />
	</testcase> <!-- ReceivePaymentVendorAdvance1 -->
	<testcase name="ReceivePaymentVendor" time="0.000"
		classname="krawler.erp.testCases.Smt">
		<skipped />
	</testcase> <!-- ReceivePaymentVendor -->
	<testcase name="ReceivePayment" time="0.000"
		classname="krawler.erp.testCases.Smt">
		<skipped />
	</testcase> <!-- ReceivePayment -->
	<testcase name="ReceivePayment1" time="0.000"
		classname="krawler.erp.testCases.Smt">
		<skipped />
	</testcase> <!-- ReceivePayment1 -->
</testsuite> <!-- krawler.erp.testCases.Smt -->
